#
# There is insufficient memory for the Java Runtime Environment to continue.
# Native memory allocation (malloc) failed to allocate 1626576 bytes for Chunk::new
# Possible reasons:
#   The system is out of physical RAM or swap space
#   The process is running with CompressedOops enabled, and the Java Heap may be blocking the growth of the native heap
# Possible solutions:
#   Reduce memory load on the system
#   Increase physical memory or swap space
#   Check if swap backing store is full
#   Decrease Java heap size (-Xmx/-Xms)
#   Decrease number of Java threads
#   Decrease Java thread stack sizes (-Xss)
#   Set larger code cache with -XX:ReservedCodeCacheSize=
#   JVM is running with Zero Based Compressed Oops mode in which the Java heap is
#     placed in the first 32GB address space. The Java Heap base address is the
#     maximum limit for the native heap growth. Please use -XX:HeapBaseMinAddress
#     to set the Java Heap base and to place the Java Heap above 32GB virtual address.
# This output file may be truncated or incomplete.
#
#  Out of Memory Error (arena.cpp:189), pid=18380, tid=25256
#
# JRE version: Java(TM) SE Runtime Environment (17.0.17+8) (build 17.0.17+8-LTS-360)
# Java VM: Java HotSpot(TM) 64-Bit Server VM (17.0.17+8-LTS-360, mixed mode, sharing, tiered, compressed oops, compressed class ptrs, g1 gc, windows-amd64)
# No core dump will be written. Minidumps are not enabled by default on client versions of Windows
#

---------------  S U M M A R Y ------------

Command Line: --add-opens=java.base/java.lang=ALL-UNNAMED --add-opens=java.base/java.lang.invoke=ALL-UNNAMED --add-opens=java.base/java.util=ALL-UNNAMED --add-opens=java.prefs/java.util.prefs=ALL-UNNAMED --add-exports=jdk.compiler/com.sun.tools.javac.api=ALL-UNNAMED --add-exports=jdk.compiler/com.sun.tools.javac.util=ALL-UNNAMED --add-opens=java.base/java.util=ALL-UNNAMED --add-opens=java.prefs/java.util.prefs=ALL-UNNAMED --add-opens=java.base/java.nio.charset=ALL-UNNAMED --add-opens=java.base/java.net=ALL-UNNAMED --add-opens=java.base/java.util.concurrent.atomic=ALL-UNNAMED --add-opens=java.xml/javax.xml.namespace=ALL-UNNAMED -XX:MaxMetaspaceSize=4G -XX:ReservedCodeCacheSize=512m -XX:+HeapDumpOnOutOfMemoryError -Xmx8G -Dfile.encoding=UTF-8 -Duser.country=IN -Duser.language=en -Duser.variant -javaagent:C:\Users\aavi7\.gradle\wrapper\dists\gradle-8.14-all\c2qonpi39x1mddn7hk5gh9iqj\gradle-8.14\lib\agents\gradle-instrumentation-agent-8.14.jar org.gradle.launcher.daemon.bootstrap.GradleDaemon 8.14

Host: AMD Ryzen 5 5500U with Radeon Graphics         , 12 cores, 5G,  Windows 11 , 64 bit Build 26100 (10.0.26100.7705)
Time: Fri Feb 20 12:37:30 2026 India Standard Time elapsed time: 66.180548 seconds (0d 0h 1m 6s)

---------------  T H R E A D  ---------------

Current thread (0x000002317b325b50):  JavaThread "C2 CompilerThread0" daemon [_thread_in_native, id=25256, stack(0x000000f9ae200000,0x000000f9ae300000)]


Current CompileTask:
C2:  66181 5117       4       org.gradle.internal.service.DefaultServiceRegistry$OwnServices::getService (317 bytes)

Stack: [0x000000f9ae200000,0x000000f9ae300000]
Native frames: (J=compiled Java code, j=interpreted, Vv=VM code, C=native code)
V  [jvm.dll+0x67a0ea]
V  [jvm.dll+0x7da56d]
V  [jvm.dll+0x7dbeb3]
V  [jvm.dll+0x7dc523]
V  [jvm.dll+0x2453af]
V  [jvm.dll+0xab763]
V  [jvm.dll+0xabd2c]
V  [jvm.dll+0x2aa82f]
V  [jvm.dll+0x581e19]
V  [jvm.dll+0x21f742]
V  [jvm.dll+0x21fb3f]
V  [jvm.dll+0x218dc0]
V  [jvm.dll+0x215e85]
V  [jvm.dll+0x1a2b50]
V  [jvm.dll+0x22642b]
V  [jvm.dll+0x2245cb]
V  [jvm.dll+0x790964]
V  [jvm.dll+0x78af4a]
V  [jvm.dll+0x678fd5]
C  [ucrtbase.dll+0x37b0]
C  [KERNEL32.DLL+0x2e8d7]
C  [ntdll.dll+0x8c40c]


---------------  P R O C E S S  ---------------

Threads class SMR info:
_java_thread_list=0x00000231c3141d70, length=44, elements={
0x000002314dfa5390, 0x000002317b307980, 0x000002317b308bc0, 0x000002317b323970,
0x000002317b323e40, 0x000002317b324310, 0x000002317b3247e0, 0x000002317b325b50,
0x000002317b327ee0, 0x000002317b349ef0, 0x000002317b2f1f50, 0x00000231c11b75c0,
0x00000231c26fa070, 0x00000231c28876c0, 0x00000231c11cf5c0, 0x00000231c12b0e10,
0x00000231c12b16b0, 0x00000231c204ea20, 0x00000231c204b060, 0x00000231c204c3a0,
0x00000231c204cd40, 0x00000231c204e080, 0x00000231c204c870, 0x00000231c204b530,
0x00000231c204ba00, 0x00000231c204bed0, 0x00000231c204d6e0, 0x00000231c204dbb0,
0x00000231c204e550, 0x00000231c21f2710, 0x00000231c21f43f0, 0x00000231c21f2be0,
0x00000231c21f18a0, 0x00000231c21f48c0, 0x00000231c21f5730, 0x00000231c21f2240,
0x00000231c21f30b0, 0x00000231c21f1d70, 0x00000231c21f6a70, 0x00000231c21f5c00,
0x00000231c21f78e0, 0x00000231c21f5260, 0x00000231c21f7410, 0x00000231c21f60d0
}

Java Threads: ( => current thread )
  0x000002314dfa5390 JavaThread "main" [_thread_blocked, id=27196, stack(0x000000f9ad500000,0x000000f9ad600000)]
  0x000002317b307980 JavaThread "Reference Handler" daemon [_thread_blocked, id=25008, stack(0x000000f9adc00000,0x000000f9add00000)]
  0x000002317b308bc0 JavaThread "Finalizer" daemon [_thread_blocked, id=16492, stack(0x000000f9add00000,0x000000f9ade00000)]
  0x000002317b323970 JavaThread "Signal Dispatcher" daemon [_thread_blocked, id=27872, stack(0x000000f9ade00000,0x000000f9adf00000)]
  0x000002317b323e40 JavaThread "Attach Listener" daemon [_thread_blocked, id=19412, stack(0x000000f9adf00000,0x000000f9ae000000)]
  0x000002317b324310 JavaThread "Service Thread" daemon [_thread_blocked, id=10800, stack(0x000000f9ae000000,0x000000f9ae100000)]
  0x000002317b3247e0 JavaThread "Monitor Deflation Thread" daemon [_thread_blocked, id=17060, stack(0x000000f9ae100000,0x000000f9ae200000)]
=>0x000002317b325b50 JavaThread "C2 CompilerThread0" daemon [_thread_in_native, id=25256, stack(0x000000f9ae200000,0x000000f9ae300000)]
  0x000002317b327ee0 JavaThread "C1 CompilerThread0" daemon [_thread_blocked, id=26124, stack(0x000000f9ae300000,0x000000f9ae400000)]
  0x000002317b349ef0 JavaThread "Sweeper thread" daemon [_thread_blocked, id=26076, stack(0x000000f9ae400000,0x000000f9ae500000)]
  0x000002317b2f1f50 JavaThread "Common-Cleaner" daemon [_thread_blocked, id=6136, stack(0x000000f9ae500000,0x000000f9ae600000)]
  0x00000231c11b75c0 JavaThread "Notification Thread" daemon [_thread_blocked, id=900, stack(0x000000f9ae600000,0x000000f9ae700000)]
  0x00000231c26fa070 JavaThread "Daemon health stats" [_thread_blocked, id=3844, stack(0x000000f9aec00000,0x000000f9aed00000)]
  0x00000231c28876c0 JavaThread "Incoming local TCP Connector on port 61430" [_thread_in_native, id=10592, stack(0x000000f9aed00000,0x000000f9aee00000)]
  0x00000231c11cf5c0 JavaThread "Daemon periodic checks" [_thread_blocked, id=21000, stack(0x000000f9aee00000,0x000000f9aef00000)]
  0x00000231c12b0e10 JavaThread "Daemon" [_thread_blocked, id=25556, stack(0x000000f9aef00000,0x000000f9af000000)]
  0x00000231c12b16b0 JavaThread "Handler for socket connection from /127.0.0.1:61430 to /127.0.0.1:61432" [_thread_in_native, id=26424, stack(0x000000f9af000000,0x000000f9af100000)]
  0x00000231c204ea20 JavaThread "Cancel handler" [_thread_blocked, id=25288, stack(0x000000f9af100000,0x000000f9af200000)]
  0x00000231c204b060 JavaThread "Daemon worker" [_thread_in_vm, id=20136, stack(0x000000f9af200000,0x000000f9af300000)]
  0x00000231c204c3a0 JavaThread "Asynchronous log dispatcher for DefaultDaemonConnection: socket connection from /127.0.0.1:61430 to /127.0.0.1:61432" [_thread_blocked, id=28516, stack(0x000000f9af800000,0x000000f9af900000)]
  0x00000231c204cd40 JavaThread "Stdin handler" [_thread_blocked, id=10048, stack(0x000000f9af900000,0x000000f9afa00000)]
  0x00000231c204e080 JavaThread "Daemon client event forwarder" [_thread_blocked, id=25248, stack(0x000000f9afa00000,0x000000f9afb00000)]
  0x00000231c204c870 JavaThread "Cache worker for journal cache (C:\Users\aavi7\.gradle\caches\journal-1)" [_thread_blocked, id=7788, stack(0x000000f9afb00000,0x000000f9afc00000)]
  0x00000231c204b530 JavaThread "File lock request listener" [_thread_in_native, id=27796, stack(0x000000f9afc00000,0x000000f9afd00000)]
  0x00000231c204ba00 JavaThread "Cache worker for file hash cache (C:\Users\aavi7\.gradle\caches\8.14\fileHashes)" [_thread_blocked, id=15012, stack(0x000000f9afd00000,0x000000f9afe00000)]
  0x00000231c204bed0 JavaThread "File lock release action executor" [_thread_blocked, id=5620, stack(0x000000f9afe00000,0x000000f9aff00000)]
  0x00000231c204d6e0 JavaThread "Cache worker for file hash cache (C:\Users\aavi7\OneDrive\Desktop\Trainee\Flutter\myflutterapp\android\.gradle\8.14\fileHashes)" [_thread_blocked, id=26180, stack(0x000000f9aff00000,0x000000f9b0000000)]
  0x00000231c204dbb0 JavaThread "Cache worker for Build Output Cleanup Cache (C:\Users\aavi7\OneDrive\Desktop\Trainee\Flutter\myflutterapp\android\.gradle\buildOutputCleanup)" [_thread_blocked, id=18464, stack(0x000000f9b0000000,0x000000f9b0100000)]
  0x00000231c204e550 JavaThread "File watcher server" daemon [_thread_in_native, id=25748, stack(0x000000f9b0300000,0x000000f9b0400000)]
  0x00000231c21f2710 JavaThread "File watcher consumer" daemon [_thread_blocked, id=25808, stack(0x000000f9b0400000,0x000000f9b0500000)]
  0x00000231c21f43f0 JavaThread "jar transforms" [_thread_blocked, id=24984, stack(0x000000f9b0500000,0x000000f9b0600000)]
  0x00000231c21f2be0 JavaThread "jar transforms Thread 2" [_thread_blocked, id=25860, stack(0x000000f9b0600000,0x000000f9b0700000)]
  0x00000231c21f18a0 JavaThread "jar transforms Thread 3" [_thread_blocked, id=17652, stack(0x000000f9b0700000,0x000000f9b0800000)]
  0x00000231c21f48c0 JavaThread "jar transforms Thread 4" [_thread_blocked, id=24940, stack(0x000000f9b0800000,0x000000f9b0900000)]
  0x00000231c21f5730 JavaThread "jar transforms Thread 5" [_thread_blocked, id=27092, stack(0x000000f9b0900000,0x000000f9b0a00000)]
  0x00000231c21f2240 JavaThread "Cache worker for checksums cache (C:\Users\aavi7\OneDrive\Desktop\Trainee\Flutter\myflutterapp\android\.gradle\8.14\checksums)" [_thread_blocked, id=21200, stack(0x000000f9b0d00000,0x000000f9b0e00000)]
  0x00000231c21f30b0 JavaThread "Cache worker for file content cache (C:\Users\aavi7\.gradle\caches\8.14\fileContent)" [_thread_blocked, id=21752, stack(0x000000f9b0e00000,0x000000f9b0f00000)]
  0x00000231c21f1d70 JavaThread "jar transforms Thread 6" [_thread_blocked, id=25412, stack(0x000000f9b0f00000,0x000000f9b1000000)]
  0x00000231c21f6a70 JavaThread "jar transforms Thread 7" [_thread_blocked, id=26644, stack(0x000000f9b1000000,0x000000f9b1100000)]
  0x00000231c21f5c00 JavaThread "jar transforms Thread 8" [_thread_blocked, id=26048, stack(0x000000f9b1100000,0x000000f9b1200000)]
  0x00000231c21f78e0 JavaThread "jar transforms Thread 9" [_thread_blocked, id=25732, stack(0x000000f9b1200000,0x000000f9b1300000)]
  0x00000231c21f5260 JavaThread "Cache worker for cache directory md-supplier (C:\Users\aavi7\.gradle\caches\8.14\md-supplier)" [_thread_blocked, id=13248, stack(0x000000f9ad200000,0x000000f9ad300000)]
  0x00000231c21f7410 JavaThread "Cache worker for cache directory md-rule (C:\Users\aavi7\.gradle\caches\8.14\md-rule)" [_thread_blocked, id=8980, stack(0x000000f9ad300000,0x000000f9ad400000)]
  0x00000231c21f60d0 JavaThread "Cache worker for Build Output Cleanup Cache (C:\flutter_windows_3.41.0-stable\flutter\packages\flutter_tools\gradle\.gradle\buildOutputCleanup)" [_thread_blocked, id=26360, stack(0x000000f9ad400000,0x000000f9ad500000)]

Other Threads:
  0x000002317b3028c0 VMThread "VM Thread" [stack: 0x000000f9adb00000,0x000000f9adc00000] [id=22952]
  0x000002314e06c530 WatcherThread [stack: 0x000000f9ae700000,0x000000f9ae800000] [id=25452]
  0x000002314e054a60 GCTaskThread "GC Thread#0" [stack: 0x000000f9ad600000,0x000000f9ad700000] [id=21352]
  0x00000231c13fe360 GCTaskThread "GC Thread#1" [stack: 0x000000f9ae800000,0x000000f9ae900000] [id=20164]
  0x00000231c12cd500 GCTaskThread "GC Thread#2" [stack: 0x000000f9ae900000,0x000000f9aea00000] [id=10780]
  0x00000231c22214b0 GCTaskThread "GC Thread#3" [stack: 0x000000f9aea00000,0x000000f9aeb00000] [id=4636]
  0x00000231c1d3adf0 GCTaskThread "GC Thread#4" [stack: 0x000000f9aeb00000,0x000000f9aec00000] [id=26320]
  0x00000231c2245bd0 GCTaskThread "GC Thread#5" [stack: 0x000000f9af300000,0x000000f9af400000] [id=23276]
  0x00000231c13c06d0 GCTaskThread "GC Thread#6" [stack: 0x000000f9af400000,0x000000f9af500000] [id=5992]
  0x00000231c117e7a0 GCTaskThread "GC Thread#7" [stack: 0x000000f9af500000,0x000000f9af600000] [id=23848]
  0x00000231c117f680 GCTaskThread "GC Thread#8" [stack: 0x000000f9af600000,0x000000f9af700000] [id=11232]
  0x00000231c117fd10 GCTaskThread "GC Thread#9" [stack: 0x000000f9af700000,0x000000f9af800000] [id=16460]
  0x000002314e066590 ConcurrentGCThread "G1 Main Marker" [stack: 0x000000f9ad700000,0x000000f9ad800000] [id=14712]
  0x000002314e066eb0 ConcurrentGCThread "G1 Conc#0" [stack: 0x000000f9ad800000,0x000000f9ad900000] [id=20576]
  0x00000231c441d320 ConcurrentGCThread "G1 Conc#1" [stack: 0x000000f9b0100000,0x000000f9b0200000] [id=28556]
  0x00000231c3d48bc0 ConcurrentGCThread "G1 Conc#2" [stack: 0x000000f9b0200000,0x000000f9b0300000] [id=5788]
  0x000002317b1b5b30 ConcurrentGCThread "G1 Refine#0" [stack: 0x000000f9ad900000,0x000000f9ada00000] [id=18332]
  0x00000231c4d048b0 ConcurrentGCThread "G1 Refine#1" [stack: 0x000000f9b0c00000,0x000000f9b0d00000] [id=27716]
  0x000002317b1b7320 ConcurrentGCThread "G1 Service" [stack: 0x000000f9ada00000,0x000000f9adb00000] [id=7120]

Threads with active compile tasks:
C2 CompilerThread0    66267 5117       4       org.gradle.internal.service.DefaultServiceRegistry$OwnServices::getService (317 bytes)

VM state: not at safepoint (normal execution)

VM Mutex/Monitor currently owned by a thread: None

Heap address: 0x0000000600000000, size: 8192 MB, Compressed Oops mode: Zero based, Oop shift amount: 3

CDS archive(s) mapped at: [0x000002317c000000-0x000002317cbd0000-0x000002317cbd0000), size 12386304, SharedBaseAddress: 0x000002317c000000, ArchiveRelocationMode: 1.
Compressed class space mapped at: 0x000002317d000000-0x00000231bd000000, reserved size: 1073741824
Narrow klass base: 0x000002317c000000, Narrow klass shift: 0, Narrow klass range: 0x100000000

GC Precious Log:
 CPUs: 12 total, 12 available
 Memory: 5989M
 Large Page Support: Disabled
 NUMA Support: Disabled
 Compressed Oops: Enabled (Zero based)
 Heap Region Size: 4M
 Heap Min Capacity: 8M
 Heap Initial Capacity: 96M
 Heap Max Capacity: 8G
 Pre-touch: Disabled
 Parallel Workers: 10
 Concurrent Workers: 3
 Concurrent Refinement Workers: 10
 Periodic GC: Disabled

Heap:
 garbage-first heap   total 98304K, used 59016K [0x0000000600000000, 0x0000000800000000)
  region size 4096K, 9 young (36864K), 2 survivors (8192K)
 Metaspace       used 44352K, committed 44992K, reserved 1114112K
  class space    used 6100K, committed 6400K, reserved 1048576K

Heap Regions: E=young(eden), S=young(survivor), O=old, HS=humongous(starts), HC=humongous(continues), CS=collection set, F=free, OA=open archive, CA=closed archive, TAMS=top-at-mark-start (previous, next)
|   0|0x0000000600000000, 0x0000000600400000, 0x0000000600400000|100%|HS|  |TAMS 0x0000000600400000, 0x0000000600000000| Complete 
|   1|0x0000000600400000, 0x0000000600800000, 0x0000000600800000|100%| O|  |TAMS 0x0000000600800000, 0x0000000600400000| Untracked 
|   2|0x0000000600800000, 0x0000000600c00000, 0x0000000600c00000|100%| O|  |TAMS 0x0000000600c00000, 0x0000000600800000| Untracked 
|   3|0x0000000600c00000, 0x0000000601000000, 0x0000000601000000|100%| O|  |TAMS 0x0000000601000000, 0x0000000600c00000| Untracked 
|   4|0x0000000601000000, 0x0000000601400000, 0x0000000601400000|100%| O|  |TAMS 0x0000000601400000, 0x0000000601000000| Untracked 
|   5|0x0000000601400000, 0x0000000601800000, 0x0000000601800000|100%| O|  |TAMS 0x0000000601800000, 0x0000000601400000| Untracked 
|   6|0x0000000601800000, 0x0000000601c00000, 0x0000000601c00000|100%| O|  |TAMS 0x0000000601b11200, 0x0000000601800000| Untracked 
|   7|0x0000000601c00000, 0x0000000602000000, 0x0000000602000000|100%| O|  |TAMS 0x0000000601c00000, 0x0000000601c00000| Untracked 
|   8|0x0000000602000000, 0x0000000602072000, 0x0000000602400000| 11%| O|  |TAMS 0x0000000602000000, 0x0000000602000000| Untracked 
|   9|0x0000000602400000, 0x0000000602400000, 0x0000000602800000|  0%| F|  |TAMS 0x0000000602400000, 0x0000000602400000| Untracked 
|  10|0x0000000602800000, 0x0000000602800000, 0x0000000602c00000|  0%| F|  |TAMS 0x0000000602800000, 0x0000000602800000| Untracked 
|  11|0x0000000602c00000, 0x0000000602c00000, 0x0000000603000000|  0%| F|  |TAMS 0x0000000602c00000, 0x0000000602c00000| Untracked 
|  12|0x0000000603000000, 0x0000000603000000, 0x0000000603400000|  0%| F|  |TAMS 0x0000000603000000, 0x0000000603000000| Untracked 
|  13|0x0000000603400000, 0x00000006035302b8, 0x0000000603800000| 29%| S|CS|TAMS 0x0000000603400000, 0x0000000603400000| Complete 
|  14|0x0000000603800000, 0x0000000603c00000, 0x0000000603c00000|100%| S|CS|TAMS 0x0000000603800000, 0x0000000603800000| Complete 
|  15|0x0000000603c00000, 0x0000000603c00000, 0x0000000604000000|  0%| F|  |TAMS 0x0000000603c00000, 0x0000000603c00000| Untracked 
|  16|0x0000000604000000, 0x0000000604000000, 0x0000000604400000|  0%| F|  |TAMS 0x0000000604000000, 0x0000000604000000| Untracked 
|  17|0x0000000604400000, 0x000000060449d3a0, 0x0000000604800000| 15%| E|  |TAMS 0x0000000604400000, 0x0000000604400000| Complete 
|  18|0x0000000604800000, 0x0000000604c00000, 0x0000000604c00000|100%| E|CS|TAMS 0x0000000604800000, 0x0000000604800000| Complete 
|  19|0x0000000604c00000, 0x0000000605000000, 0x0000000605000000|100%| E|  |TAMS 0x0000000604c00000, 0x0000000604c00000| Complete 
|  20|0x0000000605000000, 0x0000000605400000, 0x0000000605400000|100%| E|CS|TAMS 0x0000000605000000, 0x0000000605000000| Complete 
|  21|0x0000000605400000, 0x0000000605800000, 0x0000000605800000|100%| E|CS|TAMS 0x0000000605400000, 0x0000000605400000| Complete 
|  22|0x0000000605800000, 0x0000000605c00000, 0x0000000605c00000|100%| E|CS|TAMS 0x0000000605800000, 0x0000000605800000| Complete 
|  23|0x0000000605c00000, 0x0000000606000000, 0x0000000606000000|100%| E|CS|TAMS 0x0000000605c00000, 0x0000000605c00000| Complete 

Card table byte_map: [0x0000023177040000,0x0000023178040000] _byte_map_base: 0x0000023174040000

Marking Bits (Prev, Next): (CMBitMap*) 0x000002314e054f90, (CMBitMap*) 0x000002314e054fd0
 Prev Bits: [0x0000023100000000, 0x0000023108000000)
 Next Bits: [0x0000023108000000, 0x0000023110000000)

Polling page: 0x000002314be80000

Metaspace:

Usage:
  Non-class:     37.36 MB used.
      Class:      5.96 MB used.
       Both:     43.31 MB used.

Virtual space:
  Non-class space:       64.00 MB reserved,      37.69 MB ( 59%) committed,  1 nodes.
      Class space:        1.00 GB reserved,       6.25 MB ( <1%) committed,  1 nodes.
             Both:        1.06 GB reserved,      43.94 MB (  4%) committed. 

Chunk freelists:
   Non-Class:  10.05 MB
       Class:  9.70 MB
        Both:  19.75 MB

MaxMetaspaceSize: 4.00 GB
CompressedClassSpaceSize: 1.00 GB
Initial GC threshold: 21.00 MB
Current GC threshold: 58.88 MB
CDS: on
MetaspaceReclaimPolicy: balanced
 - commit_granule_bytes: 65536.
 - commit_granule_words: 8192.
 - virtual_space_node_default_size: 8388608.
 - enlarge_chunks_in_place: 1.
 - new_chunks_are_fully_committed: 0.
 - uncommit_free_chunks: 1.
 - use_allocation_guard: 0.
 - handle_deallocations: 1.


Internal statistics:

num_allocs_failed_limit: 6.
num_arena_births: 706.
num_arena_deaths: 0.
num_vsnodes_births: 2.
num_vsnodes_deaths: 0.
num_space_committed: 703.
num_space_uncommitted: 0.
num_chunks_returned_to_freelist: 6.
num_chunks_taken_from_freelist: 2468.
num_chunk_merges: 3.
num_chunk_splits: 1591.
num_chunks_enlarged: 1052.
num_inconsistent_stats: 0.

CodeHeap 'non-profiled nmethods': size=259264Kb used=2580Kb max_used=3186Kb free=256683Kb
 bounds [0x0000023165b90000, 0x0000023165eb0000, 0x00000231758c0000]
CodeHeap 'profiled nmethods': size=259264Kb used=8950Kb max_used=9884Kb free=250313Kb
 bounds [0x00000231558c0000, 0x0000023156270000, 0x00000231655f0000]
CodeHeap 'non-nmethods': size=5760Kb used=2317Kb max_used=2362Kb free=3442Kb
 bounds [0x00000231655f0000, 0x0000023165860000, 0x0000023165b90000]
 total_blobs=5231 nmethods=4400 adapters=743
 compilation: enabled
              stopped_count=0, restarted_count=0
 full_count=0

Compilation events (20 events):
Event: 64.994 Thread 0x000002317b327ee0 5153       3       com.google.common.collect.AbstractMapBasedMultimap$WrappedCollection$WrappedIterator::<init> (32 bytes)
Event: 64.995 Thread 0x000002317b327ee0 nmethod 5153 0x0000023155c93590 code [0x0000023155c93780, 0x0000023155c93ef8]
Event: 64.995 Thread 0x000002317b327ee0 5154       3       com.google.common.collect.AbstractMapBasedMultimap::access$100 (5 bytes)
Event: 64.995 Thread 0x000002317b327ee0 nmethod 5154 0x00000231558f8a10 code [0x00000231558f8be0, 0x00000231558f9158]
Event: 64.997 Thread 0x000002317b327ee0 5155       3       com.google.common.collect.AbstractSetMultimap::get (9 bytes)
Event: 64.997 Thread 0x000002317b327ee0 nmethod 5155 0x00000231559a4410 code [0x00000231559a4600, 0x00000231559a4c48]
Event: 65.001 Thread 0x000002317b327ee0 5156       3       com.google.common.collect.AbstractMapBasedMultimap$WrappedSet::<init> (14 bytes)
Event: 65.001 Thread 0x000002317b327ee0 nmethod 5156 0x0000023155c93010 code [0x0000023155c931c0, 0x0000023155c93368]
Event: 65.010 Thread 0x000002317b327ee0 5157       3       org.gradle.internal.instantiation.generator.AsmBackedClassGenerator$ClassBuilderImpl::addLazyGetter (24 bytes)
Event: 65.011 Thread 0x000002317b327ee0 nmethod 5157 0x0000023155c3a410 code [0x0000023155c3a620, 0x0000023155c3ac78]
Event: 65.016 Thread 0x000002317b327ee0 5158       3       org.gradle.internal.instantiation.generator.AsmBackedClassGenerator$ClassBuilderImpl$$Lambda$164/0x000002317d1d46e0::emit (25 bytes)
Event: 65.017 Thread 0x000002317b327ee0 nmethod 5158 0x0000023155c3a010 code [0x0000023155c3a1c0, 0x0000023155c3a328]
Event: 65.017 Thread 0x000002317b327ee0 5159       3       org.gradle.internal.instantiation.generator.AsmBackedClassGenerator$ClassBuilderImpl$16::<init> (144 bytes)
Event: 65.020 Thread 0x000002317b327ee0 nmethod 5159 0x0000023155d2c490 code [0x0000023155d2c860, 0x0000023155d2ee18]
Event: 65.020 Thread 0x000002317b327ee0 5160       3       org.gradle.model.internal.asm.BytecodeFragment$1::emit (1 bytes)
Event: 65.020 Thread 0x000002317b327ee0 nmethod 5160 0x0000023155a6ba90 code [0x0000023155a6bc20, 0x0000023155a6bd38]
Event: 65.021 Thread 0x000002317b327ee0 5161       3       org.gradle.model.internal.asm.AsmClassGeneratorUtils::visitClass (68 bytes)
Event: 65.022 Thread 0x000002317b327ee0 nmethod 5161 0x0000023155c39110 code [0x0000023155c39380, 0x0000023155c39ad8]
Event: 65.085 Thread 0x000002317b327ee0 5162       3       org.gradle.internal.service.DefaultServiceRegistry::findProviderMethods (222 bytes)
Event: 65.091 Thread 0x000002317b327ee0 nmethod 5162 0x0000023155df0090 code [0x0000023155df0600, 0x0000023155df3998]

GC Heap History (20 events):
Event: 29.320 GC heap before
{Heap before GC invocations=4 (full 0):
 garbage-first heap   total 98304K, used 56796K [0x0000000600000000, 0x0000000800000000)
  region size 4096K, 11 young (45056K), 2 survivors (8192K)
 Metaspace       used 16392K, committed 16768K, reserved 1114112K
  class space    used 2280K, committed 2432K, reserved 1048576K
}
Event: 29.330 GC heap after
{Heap after GC invocations=5 (full 0):
 garbage-first heap   total 98304K, used 22220K [0x0000000600000000, 0x0000000800000000)
  region size 4096K, 1 young (4096K), 1 survivors (4096K)
 Metaspace       used 16392K, committed 16768K, reserved 1114112K
  class space    used 2280K, committed 2432K, reserved 1048576K
}
Event: 33.642 GC heap before
{Heap before GC invocations=5 (full 0):
 garbage-first heap   total 98304K, used 59084K [0x0000000600000000, 0x0000000800000000)
  region size 4096K, 10 young (40960K), 1 survivors (4096K)
 Metaspace       used 20622K, committed 20928K, reserved 1114112K
  class space    used 3003K, committed 3136K, reserved 1048576K
}
Event: 33.648 GC heap after
{Heap after GC invocations=6 (full 0):
 garbage-first heap   total 98304K, used 24018K [0x0000000600000000, 0x0000000800000000)
  region size 4096K, 1 young (4096K), 1 survivors (4096K)
 Metaspace       used 20622K, committed 20928K, reserved 1114112K
  class space    used 3003K, committed 3136K, reserved 1048576K
}
Event: 34.124 GC heap before
{Heap before GC invocations=6 (full 0):
 garbage-first heap   total 98304K, used 28114K [0x0000000600000000, 0x0000000800000000)
  region size 4096K, 3 young (12288K), 1 survivors (4096K)
 Metaspace       used 21194K, committed 21504K, reserved 1114112K
  class space    used 3087K, committed 3264K, reserved 1048576K
}
Event: 34.134 GC heap after
{Heap after GC invocations=7 (full 0):
 garbage-first heap   total 98304K, used 24615K [0x0000000600000000, 0x0000000800000000)
  region size 4096K, 2 young (8192K), 2 survivors (8192K)
 Metaspace       used 21194K, committed 21504K, reserved 1114112K
  class space    used 3087K, committed 3264K, reserved 1048576K
}
Event: 41.056 GC heap before
{Heap before GC invocations=8 (full 0):
 garbage-first heap   total 98304K, used 61479K [0x0000000600000000, 0x0000000800000000)
  region size 4096K, 11 young (45056K), 2 survivors (8192K)
 Metaspace       used 25716K, committed 26176K, reserved 1114112K
  class space    used 3757K, committed 3968K, reserved 1048576K
}
Event: 41.064 GC heap after
{Heap after GC invocations=9 (full 0):
 garbage-first heap   total 98304K, used 27821K [0x0000000600000000, 0x0000000800000000)
  region size 4096K, 2 young (8192K), 2 survivors (8192K)
 Metaspace       used 25716K, committed 26176K, reserved 1114112K
  class space    used 3757K, committed 3968K, reserved 1048576K
}
Event: 46.018 GC heap before
{Heap before GC invocations=9 (full 0):
 garbage-first heap   total 98304K, used 64685K [0x0000000600000000, 0x0000000800000000)
  region size 4096K, 11 young (45056K), 2 survivors (8192K)
 Metaspace       used 31523K, committed 32000K, reserved 1114112K
  class space    used 4507K, committed 4736K, reserved 1048576K
}
Event: 46.028 GC heap after
{Heap after GC invocations=10 (full 0):
 garbage-first heap   total 98304K, used 30438K [0x0000000600000000, 0x0000000800000000)
  region size 4096K, 2 young (8192K), 2 survivors (8192K)
 Metaspace       used 31523K, committed 32000K, reserved 1114112K
  class space    used 4507K, committed 4736K, reserved 1048576K
}
Event: 48.880 GC heap before
{Heap before GC invocations=10 (full 0):
 garbage-first heap   total 98304K, used 67302K [0x0000000600000000, 0x0000000800000000)
  region size 4096K, 11 young (45056K), 2 survivors (8192K)
 Metaspace       used 34600K, committed 35072K, reserved 1114112K
  class space    used 4834K, committed 5056K, reserved 1048576K
}
Event: 48.890 GC heap after
{Heap after GC invocations=11 (full 0):
 garbage-first heap   total 98304K, used 33824K [0x0000000600000000, 0x0000000800000000)
  region size 4096K, 2 young (8192K), 2 survivors (8192K)
 Metaspace       used 34600K, committed 35072K, reserved 1114112K
  class space    used 4834K, committed 5056K, reserved 1048576K
}
Event: 50.311 GC heap before
{Heap before GC invocations=11 (full 0):
 garbage-first heap   total 98304K, used 37920K [0x0000000600000000, 0x0000000800000000)
  region size 4096K, 5 young (20480K), 2 survivors (8192K)
 Metaspace       used 35678K, committed 36096K, reserved 1114112K
  class space    used 4898K, committed 5120K, reserved 1048576K
}
Event: 50.348 GC heap after
{Heap after GC invocations=12 (full 0):
 garbage-first heap   total 98304K, used 34317K [0x0000000600000000, 0x0000000800000000)
  region size 4096K, 1 young (4096K), 1 survivors (4096K)
 Metaspace       used 35678K, committed 36096K, reserved 1114112K
  class space    used 4898K, committed 5120K, reserved 1048576K
}
Event: 56.769 GC heap before
{Heap before GC invocations=13 (full 0):
 garbage-first heap   total 98304K, used 67085K [0x0000000600000000, 0x0000000800000000)
  region size 4096K, 10 young (40960K), 1 survivors (4096K)
 Metaspace       used 38833K, committed 39424K, reserved 1114112K
  class space    used 5234K, committed 5504K, reserved 1048576K
}
Event: 56.776 GC heap after
{Heap after GC invocations=14 (full 0):
 garbage-first heap   total 98304K, used 35882K [0x0000000600000000, 0x0000000800000000)
  region size 4096K, 2 young (8192K), 2 survivors (8192K)
 Metaspace       used 38833K, committed 39424K, reserved 1114112K
  class space    used 5234K, committed 5504K, reserved 1048576K
}
Event: 60.050 GC heap before
{Heap before GC invocations=14 (full 0):
 garbage-first heap   total 98304K, used 68650K [0x0000000600000000, 0x0000000800000000)
  region size 4096K, 10 young (40960K), 2 survivors (8192K)
 Metaspace       used 40568K, committed 41216K, reserved 1114112K
  class space    used 5502K, committed 5824K, reserved 1048576K
}
Event: 60.057 GC heap after
{Heap after GC invocations=15 (full 0):
 garbage-first heap   total 98304K, used 37297K [0x0000000600000000, 0x0000000800000000)
  region size 4096K, 1 young (4096K), 1 survivors (4096K)
 Metaspace       used 40568K, committed 41216K, reserved 1114112K
  class space    used 5502K, committed 5824K, reserved 1048576K
}
Event: 63.244 GC heap before
{Heap before GC invocations=15 (full 0):
 garbage-first heap   total 98304K, used 70065K [0x0000000600000000, 0x0000000800000000)
  region size 4096K, 9 young (36864K), 1 survivors (4096K)
 Metaspace       used 43748K, committed 44416K, reserved 1114112K
  class space    used 6008K, committed 6336K, reserved 1048576K
}
Event: 63.251 GC heap after
{Heap after GC invocations=16 (full 0):
 garbage-first heap   total 98304K, used 38536K [0x0000000600000000, 0x0000000800000000)
  region size 4096K, 2 young (8192K), 2 survivors (8192K)
 Metaspace       used 43748K, committed 44416K, reserved 1114112K
  class space    used 6008K, committed 6336K, reserved 1048576K
}

Deoptimization events (20 events):
Event: 62.922 Thread 0x00000231c204b060 DEOPT PACKING pc=0x0000023165d18298 sp=0x000000f9af2f7580
Event: 62.922 Thread 0x00000231c204b060 DEOPT UNPACKING pc=0x00000231656423a3 sp=0x000000f9af2f7518 mode 2
Event: 63.425 Thread 0x00000231c204b060 DEOPT PACKING pc=0x0000023155c4a766 sp=0x000000f9af2f5950
Event: 63.425 Thread 0x00000231c204b060 DEOPT UNPACKING pc=0x0000023165642b43 sp=0x000000f9af2f4e18 mode 0
Event: 63.450 Thread 0x00000231c204b060 DEOPT PACKING pc=0x0000023155f37621 sp=0x000000f9af2f5910
Event: 63.450 Thread 0x00000231c204b060 DEOPT UNPACKING pc=0x0000023165642b43 sp=0x000000f9af2f4e08 mode 0
Event: 63.464 Thread 0x00000231c204b060 DEOPT PACKING pc=0x0000023155f37621 sp=0x000000f9af2f58c0
Event: 63.464 Thread 0x00000231c204b060 DEOPT UNPACKING pc=0x0000023165642b43 sp=0x000000f9af2f4db8 mode 0
Event: 63.471 Thread 0x00000231c204b060 DEOPT PACKING pc=0x0000023155f37621 sp=0x000000f9af2f56e0
Event: 63.471 Thread 0x00000231c204b060 DEOPT UNPACKING pc=0x0000023165642b43 sp=0x000000f9af2f4bd8 mode 0
Event: 63.479 Thread 0x00000231c204b060 DEOPT PACKING pc=0x0000023155f37621 sp=0x000000f9af2f56e0
Event: 63.479 Thread 0x00000231c204b060 DEOPT UNPACKING pc=0x0000023165642b43 sp=0x000000f9af2f4bd8 mode 0
Event: 63.481 Thread 0x00000231c204b060 DEOPT PACKING pc=0x0000023155f37621 sp=0x000000f9af2f56e0
Event: 63.481 Thread 0x00000231c204b060 DEOPT UNPACKING pc=0x0000023165642b43 sp=0x000000f9af2f4bd8 mode 0
Event: 64.527 Thread 0x00000231c204b060 DEOPT PACKING pc=0x0000023155d3d1a3 sp=0x000000f9af2f5c80
Event: 64.527 Thread 0x00000231c204b060 DEOPT UNPACKING pc=0x0000023165642b43 sp=0x000000f9af2f50f0 mode 0
Event: 64.595 Thread 0x00000231c204b060 Uncommon trap: trap_request=0xffffffde fr.pc=0x0000023165d18298 relative=0x0000000000000078
Event: 64.595 Thread 0x00000231c204b060 Uncommon trap: reason=class_check action=maybe_recompile pc=0x0000023165d18298 method=java.util.Collections$SetFromMap.remove(Ljava/lang/Object;)Z @ 5 c2
Event: 64.595 Thread 0x00000231c204b060 DEOPT PACKING pc=0x0000023165d18298 sp=0x000000f9af2f7340
Event: 64.595 Thread 0x00000231c204b060 DEOPT UNPACKING pc=0x00000231656423a3 sp=0x000000f9af2f72d8 mode 2

Classes unloaded (0 events):
No events

Classes redefined (0 events):
No events

Internal exceptions (20 events):
Event: 59.548 Thread 0x00000231c204b060 Exception <a 'java/lang/NoSuchMethodError'{0x0000000604006aa8}: 'java.lang.Object java.lang.invoke.Invokers$Holder.linkToTargetMethod(java.lang.Object, java.lang.Object, java.lang.Object, java.lang.Object, java.lang.Object, java.lang.Object, java.lang.Object, java.lang.Object, java.lang.Object, java.lang.Object, java.lang.Object, java.lang.Object)'> (0x0000000604006aa8) 
thrown [s\open\src\hotspot\share\interpreter\linkResolver.cpp, line 759]
Event: 60.915 Thread 0x00000231c204b060 Exception <a 'java/lang/NoSuchMethodError'{0x0000000605b4aee0}: 'java.lang.Object java.lang.invoke.DirectMethodHandle$Holder.newInvokeSpecial(java.lang.Object, java.lang.Object, java.lang.Object, java.lang.Object, int)'> (0x0000000605b4aee0) 
thrown [s\open\src\hotspot\share\interpreter\linkResolver.cpp, line 759]
Event: 60.916 Thread 0x00000231c204b060 Exception <a 'java/lang/NoSuchMethodError'{0x0000000605b4ff60}: 'java.lang.Object java.lang.invoke.DirectMethodHandle$Holder.invokeSpecial(java.lang.Object, java.lang.Object, java.lang.Object, java.lang.Object, java.lang.Object, int)'> (0x0000000605b4ff60) 
thrown [s\open\src\hotspot\share\interpreter\linkResolver.cpp, line 759]
Event: 60.934 Thread 0x00000231c204b060 Exception <a 'java/lang/NoSuchMethodError'{0x0000000605b54990}: 'java.lang.Object java.lang.invoke.Invokers$Holder.linkToTargetMethod(java.lang.Object, java.lang.Object, java.lang.Object, int, java.lang.Object)'> (0x0000000605b54990) 
thrown [s\open\src\hotspot\share\interpreter\linkResolver.cpp, line 759]
Event: 61.112 Thread 0x00000231c204b060 Exception <a 'java/lang/NoSuchMethodError'{0x00000006054aaa88}: 'void java.lang.invoke.DirectMethodHandle$Holder.invokeSpecial(java.lang.Object, java.lang.Object, java.lang.Object, java.lang.Object, java.lang.Object, java.lang.Object)'> (0x00000006054aaa88) 
thrown [s\open\src\hotspot\share\interpreter\linkResolver.cpp, line 759]
Event: 61.228 Thread 0x00000231c204b060 Exception <a 'java/lang/NoSuchMethodError'{0x00000006055a7de0}: 'int java.lang.invoke.DirectMethodHandle$Holder.invokeInterface(java.lang.Object, java.lang.Object, java.lang.Object, java.lang.Object)'> (0x00000006055a7de0) 
thrown [s\open\src\hotspot\share\interpreter\linkResolver.cpp, line 759]
Event: 61.433 Thread 0x00000231c204b060 Exception <a 'java/lang/NoSuchMethodError'{0x0000000605012318}: 'java.lang.Object java.lang.invoke.DirectMethodHandle$Holder.invokeStatic(java.lang.Object, long, java.lang.Object)'> (0x0000000605012318) 
thrown [s\open\src\hotspot\share\interpreter\linkResolver.cpp, line 759]
Event: 61.437 Thread 0x00000231c204b060 Exception <a 'java/lang/NoSuchMethodError'{0x000000060501a418}: 'java.lang.Object java.lang.invoke.DirectMethodHandle$Holder.newInvokeSpecial(java.lang.Object, long)'> (0x000000060501a418) 
thrown [s\open\src\hotspot\share\interpreter\linkResolver.cpp, line 759]
Event: 61.484 Thread 0x00000231c204b060 Exception <a 'java/lang/NoSuchMethodError'{0x000000060508d780}: 'java.lang.Object java.lang.invoke.Invokers$Holder.linkToTargetMethod(java.lang.Object, java.lang.Object, java.lang.Object, java.lang.Object, long, java.lang.Object, java.lang.Object)'> (0x000000060508d780) 
thrown [s\open\src\hotspot\share\interpreter\linkResolver.cpp, line 759]
Event: 61.507 Thread 0x00000231c204b060 Exception <a 'java/lang/NoSuchMethodError'{0x00000006050d4490}: 'java.lang.Object java.lang.invoke.DirectMethodHandle$Holder.newInvokeSpecial(java.lang.Object, java.lang.Object, java.lang.Object, long, java.lang.Object)'> (0x00000006050d4490) 
thrown [s\open\src\hotspot\share\interpreter\linkResolver.cpp, line 759]
Event: 61.508 Thread 0x00000231c204b060 Exception <a 'java/lang/NoSuchMethodError'{0x00000006050d9608}: 'java.lang.Object java.lang.invoke.DirectMethodHandle$Holder.invokeSpecial(java.lang.Object, java.lang.Object, java.lang.Object, java.lang.Object, long, java.lang.Object)'> (0x00000006050d9608) 
thrown [s\open\src\hotspot\share\interpreter\linkResolver.cpp, line 759]
Event: 61.509 Thread 0x00000231c204b060 Exception <a 'java/lang/NoSuchMethodError'{0x00000006050dde38}: 'java.lang.Object java.lang.invoke.Invokers$Holder.linkToTargetMethod(java.lang.Object, java.lang.Object, long, java.lang.Object, java.lang.Object)'> (0x00000006050dde38) 
thrown [s\open\src\hotspot\share\interpreter\linkResolver.cpp, line 759]
Event: 61.903 Thread 0x00000231c204b060 Implicit null exception at 0x0000023165df696c to 0x0000023165df6a18
Event: 62.493 Thread 0x00000231c204b060 Exception <a 'java/lang/NoSuchMethodError'{0x00000006044c2db0}: 'void java.lang.invoke.DirectMethodHandle$Holder.invokeInterface(java.lang.Object, java.lang.Object)'> (0x00000006044c2db0) 
thrown [s\open\src\hotspot\share\interpreter\linkResolver.cpp, line 759]
Event: 62.542 Thread 0x00000231c204b060 Exception <a 'java/lang/IncompatibleClassChangeError'{0x0000000604529fb0}: Found class java.lang.Object, but interface was expected> (0x0000000604529fb0) 
thrown [s\open\src\hotspot\share\interpreter\linkResolver.cpp, line 826]
Event: 62.949 Thread 0x00000231c204b060 Exception <a 'sun/nio/fs/WindowsException'{0x00000006047405f0}> (0x00000006047405f0) 
thrown [s\open\src\hotspot\share\prims\jni.cpp, line 516]
Event: 62.965 Thread 0x00000231c204b060 Exception <a 'sun/nio/fs/WindowsException'{0x0000000604742360}> (0x0000000604742360) 
thrown [s\open\src\hotspot\share\prims\jni.cpp, line 516]
Event: 62.976 Thread 0x00000231c204b060 Exception <a 'sun/nio/fs/WindowsException'{0x00000006047440d0}> (0x00000006047440d0) 
thrown [s\open\src\hotspot\share\prims\jni.cpp, line 516]
Event: 62.980 Thread 0x00000231c204b060 Exception <a 'sun/nio/fs/WindowsException'{0x0000000604745a30}> (0x0000000604745a30) 
thrown [s\open\src\hotspot\share\prims\jni.cpp, line 516]
Event: 64.783 Thread 0x00000231c204e080 Exception <a 'java/lang/NoSuchMethodError'{0x00000006048a6058}: static Lorg/gradle/internal/build/event/types/DefaultBuildPhaseDescriptor;.<clinit>()V> (0x00000006048a6058) 
thrown [s\open\src\hotspot\share\prims\jni.cpp, line 1112]

VM Operations (20 events):
Event: 60.049 Executing VM operation: G1CollectForAllocation
Event: 60.057 Executing VM operation: G1CollectForAllocation done
Event: 60.195 Executing VM operation: HandshakeAllThreads
Event: 60.196 Executing VM operation: HandshakeAllThreads done
Event: 60.828 Executing VM operation: HandshakeAllThreads
Event: 60.828 Executing VM operation: HandshakeAllThreads done
Event: 61.195 Executing VM operation: HandshakeAllThreads
Event: 61.195 Executing VM operation: HandshakeAllThreads done
Event: 61.195 Executing VM operation: Cleanup
Event: 61.195 Executing VM operation: Cleanup done
Event: 61.226 Executing VM operation: HandshakeAllThreads
Event: 61.226 Executing VM operation: HandshakeAllThreads done
Event: 62.231 Executing VM operation: Cleanup
Event: 62.233 Executing VM operation: Cleanup done
Event: 63.244 Executing VM operation: G1CollectForAllocation
Event: 63.251 Executing VM operation: G1CollectForAllocation done
Event: 64.259 Executing VM operation: Cleanup
Event: 64.259 Executing VM operation: Cleanup done
Event: 65.264 Executing VM operation: Cleanup
Event: 65.264 Executing VM operation: Cleanup done

Events (20 events):
Event: 61.194 loading class java/util/ArrayList$ListItr done
Event: 61.922 loading class java/util/PrimitiveIterator$OfInt
Event: 61.923 loading class java/util/PrimitiveIterator
Event: 61.923 loading class java/util/PrimitiveIterator done
Event: 61.923 loading class java/util/PrimitiveIterator$OfInt done
Event: 61.937 loading class java/util/concurrent/RecursiveAction
Event: 61.940 loading class java/util/concurrent/RecursiveAction done
Event: 62.094 loading class java/util/concurrent/atomic/AtomicReferenceFieldUpdater
Event: 62.096 loading class java/util/concurrent/atomic/AtomicReferenceFieldUpdater done
Event: 62.097 loading class java/util/concurrent/atomic/AtomicReferenceFieldUpdater$AtomicReferenceFieldUpdaterImpl
Event: 62.099 loading class java/util/concurrent/atomic/AtomicReferenceFieldUpdater$AtomicReferenceFieldUpdaterImpl done
Event: 62.099 loading class java/util/concurrent/atomic/AtomicReferenceFieldUpdater$AtomicReferenceFieldUpdaterImpl$1
Event: 62.100 loading class java/util/concurrent/atomic/AtomicReferenceFieldUpdater$AtomicReferenceFieldUpdaterImpl$1 done
Event: 62.513 loading class java/util/DualPivotQuicksort
Event: 62.516 loading class java/util/DualPivotQuicksort done
Event: 62.634 loading class java/util/stream/ReduceOps$2
Event: 62.636 loading class java/util/stream/ReduceOps$2 done
Event: 62.636 loading class java/util/stream/ReduceOps$2ReducingSink
Event: 62.637 loading class java/util/stream/ReduceOps$2ReducingSink done
Event: 62.717 Thread 0x00000231c21f60d0 Thread added: 0x00000231c21f60d0


Dynamic libraries:
0x00007ff6077e0000 - 0x00007ff6077f0000 	C:\Program Files\Java\jdk-17\bin\java.exe
0x00007ffa93c20000 - 0x00007ffa93e88000 	C:\WINDOWS\SYSTEM32\ntdll.dll
0x00007ffa93230000 - 0x00007ffa932f9000 	C:\WINDOWS\System32\KERNEL32.DLL
0x00007ffa90aa0000 - 0x00007ffa90e91000 	C:\WINDOWS\System32\KERNELBASE.dll
0x00007ffa90500000 - 0x00007ffa9064b000 	C:\WINDOWS\System32\ucrtbase.dll
0x00007ffa63980000 - 0x00007ffa6399b000 	C:\Program Files\Java\jdk-17\bin\VCRUNTIME140.dll
0x00007ffa63960000 - 0x00007ffa63979000 	C:\Program Files\Java\jdk-17\bin\jli.dll
0x00007ffa93a60000 - 0x00007ffa93b14000 	C:\WINDOWS\System32\ADVAPI32.dll
0x00007ffa92f40000 - 0x00007ffa92fe9000 	C:\WINDOWS\System32\msvcrt.dll
0x00007ffa92ff0000 - 0x00007ffa93096000 	C:\WINDOWS\System32\sechost.dll
0x00007ffa923c0000 - 0x00007ffa924d8000 	C:\WINDOWS\System32\RPCRT4.dll
0x00007ffa92770000 - 0x00007ffa92936000 	C:\WINDOWS\System32\USER32.dll
0x00007ffa909e0000 - 0x00007ffa90a07000 	C:\WINDOWS\System32\win32u.dll
0x00007ffa92e30000 - 0x00007ffa92e5b000 	C:\WINDOWS\System32\GDI32.dll
0x00007ffa91890000 - 0x00007ffa919bb000 	C:\WINDOWS\System32\gdi32full.dll
0x00007ffa907c0000 - 0x00007ffa90863000 	C:\WINDOWS\System32\msvcp_win.dll
0x00007ffa7c6e0000 - 0x00007ffa7c973000 	C:\WINDOWS\WinSxS\amd64_microsoft.windows.common-controls_6595b64144ccf1df_6.0.26100.7824_none_3e0870b2e3345462\COMCTL32.dll
0x00007ffa898a0000 - 0x00007ffa898ab000 	C:\WINDOWS\SYSTEM32\VERSION.dll
0x00007ffa92940000 - 0x00007ffa92971000 	C:\WINDOWS\System32\IMM32.DLL
0x00007ffa63950000 - 0x00007ffa6395c000 	C:\Program Files\Java\jdk-17\bin\vcruntime140_1.dll
0x00007ffa638c0000 - 0x00007ffa6394e000 	C:\Program Files\Java\jdk-17\bin\msvcp140.dll
0x00007ff98e590000 - 0x00007ff98f170000 	C:\Program Files\Java\jdk-17\bin\server\jvm.dll
0x00007ffa92760000 - 0x00007ffa92768000 	C:\WINDOWS\System32\PSAPI.DLL
0x00007ffa89860000 - 0x00007ffa89895000 	C:\WINDOWS\SYSTEM32\WINMM.dll
0x00007ffa51ef0000 - 0x00007ffa51efa000 	C:\WINDOWS\SYSTEM32\WSOCK32.dll
0x00007ffa92a80000 - 0x00007ffa92af4000 	C:\WINDOWS\System32\ws2_32.DLL
0x00007ffa8f2a0000 - 0x00007ffa8f2bb000 	C:\WINDOWS\SYSTEM32\kernel.appcore.dll
0x00007ffa638b0000 - 0x00007ffa638ba000 	C:\Program Files\Java\jdk-17\bin\jimage.dll
0x00007ffa8e560000 - 0x00007ffa8e7a2000 	C:\WINDOWS\SYSTEM32\DBGHELP.DLL
0x00007ffa92030000 - 0x00007ffa923b6000 	C:\WINDOWS\System32\combase.dll
0x00007ffa92e60000 - 0x00007ffa92f37000 	C:\WINDOWS\System32\OLEAUT32.dll
0x00007ffa7b130000 - 0x00007ffa7b16b000 	C:\WINDOWS\SYSTEM32\dbgcore.DLL
0x00007ffa90870000 - 0x00007ffa90915000 	C:\WINDOWS\System32\bcryptPrimitives.dll
0x00007ffa638a0000 - 0x00007ffa638ae000 	C:\Program Files\Java\jdk-17\bin\instrument.dll
0x00007ffa63870000 - 0x00007ffa63895000 	C:\Program Files\Java\jdk-17\bin\java.dll
0x00007ffa63790000 - 0x00007ffa63867000 	C:\Program Files\Java\jdk-17\bin\jsvml.dll
0x00007ffa93300000 - 0x00007ffa93a52000 	C:\WINDOWS\System32\SHELL32.dll
0x00007ffa90650000 - 0x00007ffa907ba000 	C:\WINDOWS\System32\wintypes.dll
0x00007ffa91020000 - 0x00007ffa91883000 	C:\WINDOWS\System32\windows.storage.dll
0x00007ffa92980000 - 0x00007ffa92a76000 	C:\WINDOWS\System32\SHCORE.dll
0x00007ffa92dc0000 - 0x00007ffa92e27000 	C:\WINDOWS\System32\shlwapi.dll
0x00007ffa90420000 - 0x00007ffa90449000 	C:\WINDOWS\SYSTEM32\profapi.dll
0x00007ffa63770000 - 0x00007ffa63788000 	C:\Program Files\Java\jdk-17\bin\zip.dll
0x00007ffa63750000 - 0x00007ffa63769000 	C:\Program Files\Java\jdk-17\bin\net.dll
0x00007ffa873e0000 - 0x00007ffa87507000 	C:\WINDOWS\SYSTEM32\WINHTTP.dll
0x00007ffa8f810000 - 0x00007ffa8f87b000 	C:\WINDOWS\system32\mswsock.dll
0x00007ffa63730000 - 0x00007ffa63746000 	C:\Program Files\Java\jdk-17\bin\nio.dll
0x00007ffa63720000 - 0x00007ffa63730000 	C:\Program Files\Java\jdk-17\bin\verify.dll
0x00007ffa2cdf0000 - 0x00007ffa2ce17000 	C:\Users\aavi7\.gradle\native\1def1411415f61bf3af743bc5b6707747c0891f09f0c88961ee8f79bc544acac\windows-amd64\native-platform.dll
0x00007ff9d0be0000 - 0x00007ff9d0c58000 	C:\Users\aavi7\.gradle\native\0.2.7\x86_64-windows-gnu\gradle-fileevents.dll
0x00007ffa63710000 - 0x00007ffa6371a000 	C:\Program Files\Java\jdk-17\bin\management.dll
0x00007ffa63700000 - 0x00007ffa6370b000 	C:\Program Files\Java\jdk-17\bin\management_ext.dll
0x00007ffa8ec80000 - 0x00007ffa8ecb4000 	C:\WINDOWS\SYSTEM32\IPHLPAPI.DLL
0x00007ffa92580000 - 0x00007ffa9258a000 	C:\WINDOWS\System32\NSI.dll
0x00007ffa87520000 - 0x00007ffa8753e000 	C:\WINDOWS\SYSTEM32\dhcpcsvc6.DLL
0x00007ffa87160000 - 0x00007ffa87183000 	C:\WINDOWS\SYSTEM32\dhcpcsvc.DLL
0x00007ffa8ed30000 - 0x00007ffa8ee5c000 	C:\WINDOWS\SYSTEM32\DNSAPI.dll
0x00007ffa8faf0000 - 0x00007ffa8fb0b000 	C:\WINDOWS\SYSTEM32\CRYPTSP.dll
0x00007ffa8f200000 - 0x00007ffa8f239000 	C:\WINDOWS\system32\rsaenh.dll
0x00007ffa8f8c0000 - 0x00007ffa8f8eb000 	C:\WINDOWS\SYSTEM32\USERENV.dll
0x00007ffa903f0000 - 0x00007ffa9041a000 	C:\WINDOWS\SYSTEM32\bcrypt.dll
0x00007ffa8fae0000 - 0x00007ffa8faec000 	C:\WINDOWS\SYSTEM32\CRYPTBASE.dll
0x00007ffa636f0000 - 0x00007ffa636fe000 	C:\Program Files\Java\jdk-17\bin\sunmscapi.dll
0x00007ffa90ea0000 - 0x00007ffa91017000 	C:\WINDOWS\System32\CRYPT32.dll
0x00007ffa8fd00000 - 0x00007ffa8fd30000 	C:\WINDOWS\SYSTEM32\ncrypt.dll
0x00007ffa8fcb0000 - 0x00007ffa8fcef000 	C:\WINDOWS\SYSTEM32\NTASN1.dll
0x00007ffa5bfc0000 - 0x00007ffa5bfc8000 	C:\WINDOWS\system32\wshunix.dll

dbghelp: loaded successfully - version: 4.0.5 - missing functions: none
symbol engine: initialized successfully - sym options: 0x614 - pdb path: .;C:\Program Files\Java\jdk-17\bin;C:\WINDOWS\SYSTEM32;C:\WINDOWS\WinSxS\amd64_microsoft.windows.common-controls_6595b64144ccf1df_6.0.26100.7824_none_3e0870b2e3345462;C:\Program Files\Java\jdk-17\bin\server;C:\Users\aavi7\.gradle\native\1def1411415f61bf3af743bc5b6707747c0891f09f0c88961ee8f79bc544acac\windows-amd64;C:\Users\aavi7\.gradle\native\0.2.7\x86_64-windows-gnu

VM Arguments:
jvm_args: --add-opens=java.base/java.lang=ALL-UNNAMED --add-opens=java.base/java.lang.invoke=ALL-UNNAMED --add-opens=java.base/java.util=ALL-UNNAMED --add-opens=java.prefs/java.util.prefs=ALL-UNNAMED --add-exports=jdk.compiler/com.sun.tools.javac.api=ALL-UNNAMED --add-exports=jdk.compiler/com.sun.tools.javac.util=ALL-UNNAMED --add-opens=java.base/java.util=ALL-UNNAMED --add-opens=java.prefs/java.util.prefs=ALL-UNNAMED --add-opens=java.base/java.nio.charset=ALL-UNNAMED --add-opens=java.base/java.net=ALL-UNNAMED --add-opens=java.base/java.util.concurrent.atomic=ALL-UNNAMED --add-opens=java.xml/javax.xml.namespace=ALL-UNNAMED -XX:MaxMetaspaceSize=4G -XX:ReservedCodeCacheSize=512m -XX:+HeapDumpOnOutOfMemoryError -Xmx8G -Dfile.encoding=UTF-8 -Duser.country=IN -Duser.language=en -Duser.variant -javaagent:C:\Users\aavi7\.gradle\wrapper\dists\gradle-8.14-all\c2qonpi39x1mddn7hk5gh9iqj\gradle-8.14\lib\agents\gradle-instrumentation-agent-8.14.jar 
java_command: org.gradle.launcher.daemon.bootstrap.GradleDaemon 8.14
java_class_path (initial): C:\Users\aavi7\.gradle\wrapper\dists\gradle-8.14-all\c2qonpi39x1mddn7hk5gh9iqj\gradle-8.14\lib\gradle-daemon-main-8.14.jar
Launcher Type: SUN_STANDARD

[Global flags]
     intx CICompilerCount                          = 4                                         {product} {ergonomic}
     uint ConcGCThreads                            = 3                                         {product} {ergonomic}
     uint G1ConcRefinementThreads                  = 10                                        {product} {ergonomic}
   size_t G1HeapRegionSize                         = 4194304                                   {product} {ergonomic}
    uintx GCDrainStackTargetSize                   = 64                                        {product} {ergonomic}
     bool HeapDumpOnOutOfMemoryError               = true                                   {manageable} {command line}
   size_t InitialHeapSize                          = 100663296                                 {product} {ergonomic}
   size_t MarkStackSize                            = 4194304                                   {product} {ergonomic}
   size_t MaxHeapSize                              = 8589934592                                {product} {command line}
   size_t MaxMetaspaceSize                         = 4294967296                                {product} {command line}
   size_t MaxNewSize                               = 5150605312                                {product} {ergonomic}
   size_t MinHeapDeltaBytes                        = 4194304                                   {product} {ergonomic}
   size_t MinHeapSize                              = 8388608                                   {product} {ergonomic}
    uintx NonNMethodCodeHeapSize                   = 5839372                                {pd product} {ergonomic}
    uintx NonProfiledCodeHeapSize                  = 265515770                              {pd product} {ergonomic}
    uintx ProfiledCodeHeapSize                     = 265515770                              {pd product} {ergonomic}
    uintx ReservedCodeCacheSize                    = 536870912                              {pd product} {command line}
     bool SegmentedCodeCache                       = true                                      {product} {ergonomic}
   size_t SoftMaxHeapSize                          = 8589934592                             {manageable} {ergonomic}
   double SweeperThreshold                         = 0.234375                                  {product} {ergonomic}
     bool UseCompressedClassPointers               = true                           {product lp64_product} {ergonomic}
     bool UseCompressedOops                        = true                           {product lp64_product} {ergonomic}
     bool UseG1GC                                  = true                                      {product} {ergonomic}
     bool UseLargePagesIndividualAllocation        = false                                  {pd product} {ergonomic}

Logging:
Log output configuration:
 #0: stdout all=warning uptime,level,tags
 #1: stderr all=off uptime,level,tags

Environment Variables:
JAVA_HOME=C:\Program Files\Java\jdk-17.0.17
PATH=C:\Program Files\Java\jdk-17\bin;C:\oraclexe\app\oracle\product\10.2.0\server\bin;C:\WINDOWS\system32;C:\WINDOWS;C:\WINDOWS\System32\Wbem;C:\WINDOWS\System32\WindowsPowerShell\v1.0\;C:\WINDOWS\System32\OpenSSH\;C:\Program Files (x86)\Microsoft SQL Server\160\Tools\Binn\;C:\Program Files\Microsoft SQL Server\160\Tools\Binn\;C:\Program Files\Microsoft SQL Server\Client SDK\ODBC\170\Tools\Binn\;C:\Program Files\Microsoft SQL Server\160\DTS\Binn\;C:\Program Files\MongoDB\mongosh-2.2.6-win32-x64\bin;C:\Program Files\MongoDB\Server\7.0\bin\mongod.cfg;C:\Program Files\nodejs\;C:\Program Files\Git\cmd;C:\Program Files\MongoDB\Server\8.0\bin;C:\Program Files\Java\jdk-17.0.17\bin;C:\Program Files\MySQL\MySQL Shell 8.0\bin\;C:\Ruby33-x64\bin;C:\Users\aavi7\AppData\Local\Microsoft\WindowsApps;C:\Users\aavi7\AppData\Local\Programs\Microsoft VS Code\bin;C:\Program Files\Azure Data Studio\bin;C:\Program Files\JetBrains\PyCharm Community Edition 2024.1.1\bin;;C:\Users\aavi7\AppData\Roaming\npm;C:\Users\aavi7\AppData\Local\Programs\mongosh\;C:\Users\aavi7\AppData\Local\Programs\Antigravity\bin;C:\Users\aavi7\Downloads;C:\flutter_windows_3.41.0-stable\flutter\bin;
USERNAME=aavi7
OS=Windows_NT
PROCESSOR_IDENTIFIER=AMD64 Family 23 Model 104 Stepping 1, AuthenticAMD



---------------  S Y S T E M  ---------------

OS:
 Windows 11 , 64 bit Build 26100 (10.0.26100.7705)
OS uptime: 0 days 3:26 hours
Hyper-V role detected

CPU: total 12 (initial active 12) (12 cores per cpu, 2 threads per core) family 23 model 104 stepping 1 microcode 0x8608109, cx8, cmov, fxsr, ht, mmx, 3dnowpref, sse, sse2, sse3, ssse3, sse4a, sse4.1, sse4.2, popcnt, lzcnt, tsc, tscinvbit, avx, avx2, aes, clmul, bmi1, bmi2, adx, sha, fma, vzeroupper, clflush, clflushopt, hv

Memory: 4k page, system-wide physical 5989M (330M free)
TotalPageFile size 24421M (AvailPageFile size 8M)
current process WorkingSet (physical memory assigned to process): 179M, peak: 198M
current process commit charge ("private bytes"): 298M, peak: 299M

vm_info: Java HotSpot(TM) 64-Bit Server VM (17.0.17+8-LTS-360) for windows-amd64 JRE (17.0.17+8-LTS-360), built on Sep 27 2025 05:17:01 by "mach5run" with MS VC++ 17.6 (VS2022)

END.
