#
# There is insufficient memory for the Java Runtime Environment to continue.
# Native memory allocation (malloc) failed to allocate 1048736 bytes for Chunk::new
# Possible reasons:
#   The system is out of physical RAM or swap space
#   The process is running with CompressedOops enabled, and the Java Heap may be blocking the growth of the native heap
# Possible solutions:
#   Reduce memory load on the system
#   Increase physical memory or swap space
#   Check if swap backing store is full
#   Decrease Java heap size (-Xmx/-Xms)
#   Decrease number of Java threads
#   Decrease Java thread stack sizes (-Xss)
#   Set larger code cache with -XX:ReservedCodeCacheSize=
#   JVM is running with Unscaled Compressed Oops mode in which the Java heap is
#     placed in the first 4GB address space. The Java Heap base address is the
#     maximum limit for the native heap growth. Please use -XX:HeapBaseMinAddress
#     to set the Java Heap base and to place the Java Heap above 4GB virtual address.
# This output file may be truncated or incomplete.
#
#  Out of Memory Error (arena.cpp:189), pid=25188, tid=7020
#
# JRE version: Java(TM) SE Runtime Environment (17.0.17+8) (build 17.0.17+8-LTS-360)
# Java VM: Java HotSpot(TM) 64-Bit Server VM (17.0.17+8-LTS-360, mixed mode, sharing, tiered, compressed oops, compressed class ptrs, g1 gc, windows-amd64)
# No core dump will be written. Minidumps are not enabled by default on client versions of Windows
#

---------------  S U M M A R Y ------------

Command Line: org.jetbrains.kotlin.cli.jvm.K2JVMCompiler @C:\src\flutter\packages\flutter_tools\gradle\build\20260225_2777460351082694255.compiler.options

Host: AMD Ryzen 5 5500U with Radeon Graphics         , 12 cores, 5G,  Windows 11 , 64 bit Build 26100 (10.0.26100.7705)
Time: Wed Feb 25 17:10:34 2026 India Standard Time elapsed time: 39.130647 seconds (0d 0h 0m 39s)

---------------  T H R E A D  ---------------

Current thread (0x000002eaff66cf70):  JavaThread "C2 CompilerThread1" daemon [_thread_in_native, id=7020, stack(0x000000fb51600000,0x000000fb51700000)]


Current CompileTask:
C2:  39131 18189       4       org.jetbrains.kotlin.load.kotlin.TypeSignatureMappingKt::mapBuiltInType (336 bytes)

Stack: [0x000000fb51600000,0x000000fb51700000]
Native frames: (J=compiled Java code, j=interpreted, Vv=VM code, C=native code)
V  [jvm.dll+0x67a0ea]
V  [jvm.dll+0x7da56d]
V  [jvm.dll+0x7dbeb3]
V  [jvm.dll+0x7dc523]
V  [jvm.dll+0x2453af]
V  [jvm.dll+0xab763]
V  [jvm.dll+0xabd2c]
V  [jvm.dll+0x2aa82f]
V  [jvm.dll+0x581e19]
V  [jvm.dll+0x21f742]
V  [jvm.dll+0x21fb3f]
V  [jvm.dll+0x218dc0]
V  [jvm.dll+0x215e85]
V  [jvm.dll+0x1a2b50]
V  [jvm.dll+0x22642b]
V  [jvm.dll+0x2245cb]
V  [jvm.dll+0x790964]
V  [jvm.dll+0x78af4a]
V  [jvm.dll+0x678fd5]
C  [ucrtbase.dll+0x37b0]
C  [KERNEL32.DLL+0x2e8d7]
C  [ntdll.dll+0x8c40c]


---------------  P R O C E S S  ---------------

Threads class SMR info:
_java_thread_list=0x000002eafbc088e0, length=13, elements={
0x000002ead0a11fd0, 0x000002eaedc61780, 0x000002eaedc62130, 0x000002eaedc7ac80,
0x000002eaedc7c550, 0x000002eaedc7ce10, 0x000002eaedc7f6e0, 0x000002eaedc822e0,
0x000002eaedc84930, 0x000002eaedca6a90, 0x000002eaf20d8430, 0x000002eaf20e3300,
0x000002eaff66cf70
}

Java Threads: ( => current thread )
  0x000002ead0a11fd0 JavaThread "main" [_thread_in_Java, id=23332, stack(0x000000fb4fb00000,0x000000fb4fc00000)]
  0x000002eaedc61780 JavaThread "Reference Handler" daemon [_thread_blocked, id=15768, stack(0x000000fb50200000,0x000000fb50300000)]
  0x000002eaedc62130 JavaThread "Finalizer" daemon [_thread_blocked, id=17556, stack(0x000000fb50300000,0x000000fb50400000)]
  0x000002eaedc7ac80 JavaThread "Signal Dispatcher" daemon [_thread_blocked, id=8168, stack(0x000000fb50400000,0x000000fb50500000)]
  0x000002eaedc7c550 JavaThread "Attach Listener" daemon [_thread_blocked, id=25476, stack(0x000000fb50500000,0x000000fb50600000)]
  0x000002eaedc7ce10 JavaThread "Service Thread" daemon [_thread_blocked, id=18908, stack(0x000000fb50600000,0x000000fb50700000)]
  0x000002eaedc7f6e0 JavaThread "Monitor Deflation Thread" daemon [_thread_blocked, id=10576, stack(0x000000fb50700000,0x000000fb50800000)]
  0x000002eaedc822e0 JavaThread "C2 CompilerThread0" daemon [_thread_in_native, id=27420, stack(0x000000fb50800000,0x000000fb50900000)]
  0x000002eaedc84930 JavaThread "C1 CompilerThread0" daemon [_thread_in_native, id=10372, stack(0x000000fb50900000,0x000000fb50a00000)]
  0x000002eaedca6a90 JavaThread "Sweeper thread" daemon [_thread_blocked, id=20236, stack(0x000000fb50a00000,0x000000fb50b00000)]
  0x000002eaf20d8430 JavaThread "Notification Thread" daemon [_thread_blocked, id=30748, stack(0x000000fb50b00000,0x000000fb50c00000)]
  0x000002eaf20e3300 JavaThread "Common-Cleaner" daemon [_thread_blocked, id=28820, stack(0x000000fb50d00000,0x000000fb50e00000)]
=>0x000002eaff66cf70 JavaThread "C2 CompilerThread1" daemon [_thread_in_native, id=7020, stack(0x000000fb51600000,0x000000fb51700000)]

Other Threads:
  0x000002eaedc5dde0 VMThread "VM Thread" [stack: 0x000000fb50100000,0x000000fb50200000] [id=6424]
  0x000002ead0a75810 WatcherThread [stack: 0x000000fb50c00000,0x000000fb50d00000] [id=16184]
  0x000002ead0a5f920 GCTaskThread "GC Thread#0" [stack: 0x000000fb4fc00000,0x000000fb4fd00000] [id=16172]
  0x000002eaf26b6ca0 GCTaskThread "GC Thread#1" [stack: 0x000000fb50e00000,0x000000fb50f00000] [id=388]
  0x000002eaf26a0b30 GCTaskThread "GC Thread#2" [stack: 0x000000fb50f00000,0x000000fb51000000] [id=14696]
  0x000002eaf26a0df0 GCTaskThread "GC Thread#3" [stack: 0x000000fb51000000,0x000000fb51100000] [id=23900]
  0x000002eaf264af50 GCTaskThread "GC Thread#4" [stack: 0x000000fb51100000,0x000000fb51200000] [id=10252]
  0x000002eaf264ba30 GCTaskThread "GC Thread#5" [stack: 0x000000fb51200000,0x000000fb51300000] [id=16412]
  0x000002eaf2abe050 GCTaskThread "GC Thread#6" [stack: 0x000000fb51300000,0x000000fb51400000] [id=31700]
  0x000002eaf2abe310 GCTaskThread "GC Thread#7" [stack: 0x000000fb51400000,0x000000fb51500000] [id=31472]
  0x000002eaf2abe5d0 GCTaskThread "GC Thread#8" [stack: 0x000000fb51500000,0x000000fb51600000] [id=27876]
  0x000002eaf2c476e0 GCTaskThread "GC Thread#9" [stack: 0x000000fb51800000,0x000000fb51900000] [id=4960]
  0x000002ead0a6c2b0 ConcurrentGCThread "G1 Main Marker" [stack: 0x000000fb4fd00000,0x000000fb4fe00000] [id=13936]
  0x000002ead0a6d890 ConcurrentGCThread "G1 Conc#0" [stack: 0x000000fb4fe00000,0x000000fb4ff00000] [id=19940]
  0x000002eaf2c47420 ConcurrentGCThread "G1 Conc#1" [stack: 0x000000fb51d00000,0x000000fb51e00000] [id=24960]
  0x000002eaf2c479a0 ConcurrentGCThread "G1 Conc#2" [stack: 0x000000fb51e00000,0x000000fb51f00000] [id=21976]
  0x000002ead0ad2b10 ConcurrentGCThread "G1 Refine#0" [stack: 0x000000fb4ff00000,0x000000fb50000000] [id=6920]
  0x000002eafba9cfe0 ConcurrentGCThread "G1 Refine#1" [stack: 0x000000fb51900000,0x000000fb51a00000] [id=5288]
  0x000002eafba9f610 ConcurrentGCThread "G1 Refine#2" [stack: 0x000000fb51a00000,0x000000fb51b00000] [id=17612]
  0x000002eafba9d8b0 ConcurrentGCThread "G1 Refine#3" [stack: 0x000000fb51b00000,0x000000fb51c00000] [id=18452]
  0x000002eafba9e760 ConcurrentGCThread "G1 Refine#4" [stack: 0x000000fb51c00000,0x000000fb51d00000] [id=2020]
  0x000002ead0ad42f0 ConcurrentGCThread "G1 Service" [stack: 0x000000fb50000000,0x000000fb50100000] [id=17264]

Threads with active compile tasks:
C2 CompilerThread0    39164 18243       4       org.jetbrains.org.objectweb.asm.tree.analysis.Frame::execute (2125 bytes)
C2 CompilerThread1    39164 18189       4       org.jetbrains.kotlin.load.kotlin.TypeSignatureMappingKt::mapBuiltInType (336 bytes)

VM state: not at safepoint (normal execution)

VM Mutex/Monitor currently owned by a thread: None

Heap address: 0x00000000a2600000, size: 1498 MB, Compressed Oops mode: 32-bit

CDS archive(s) mapped at: [0x000002ea80000000-0x000002ea80bd0000-0x000002ea80bd0000), size 12386304, SharedBaseAddress: 0x000002ea80000000, ArchiveRelocationMode: 1.
Compressed class space mapped at: 0x000002ea81000000-0x000002eac1000000, reserved size: 1073741824
Narrow klass base: 0x000002ea80000000, Narrow klass shift: 0, Narrow klass range: 0x100000000

GC Precious Log:
 CPUs: 12 total, 12 available
 Memory: 5989M
 Large Page Support: Disabled
 NUMA Support: Disabled
 Compressed Oops: Enabled (32-bit)
 Heap Region Size: 1M
 Heap Min Capacity: 8M
 Heap Initial Capacity: 94M
 Heap Max Capacity: 1498M
 Pre-touch: Disabled
 Parallel Workers: 10
 Concurrent Workers: 3
 Concurrent Refinement Workers: 10
 Periodic GC: Disabled

Heap:
 garbage-first heap   total 153600K, used 126174K [0x00000000a2600000, 0x0000000100000000)
  region size 1024K, 32 young (32768K), 3 survivors (3072K)
 Metaspace       used 77995K, committed 78464K, reserved 1179648K
  class space    used 8112K, committed 8320K, reserved 1048576K

Heap Regions: E=young(eden), S=young(survivor), O=old, HS=humongous(starts), HC=humongous(continues), CS=collection set, F=free, OA=open archive, CA=closed archive, TAMS=top-at-mark-start (previous, next)
|   0|0x00000000a2600000, 0x00000000a2700000, 0x00000000a2700000|100%|HS|  |TAMS 0x00000000a2700000, 0x00000000a2600000| Complete 
|   1|0x00000000a2700000, 0x00000000a2800000, 0x00000000a2800000|100%|HC|  |TAMS 0x00000000a2800000, 0x00000000a2700000| Complete 
|   2|0x00000000a2800000, 0x00000000a2900000, 0x00000000a2900000|100%|HC|  |TAMS 0x00000000a2900000, 0x00000000a2800000| Complete 
|   3|0x00000000a2900000, 0x00000000a2a00000, 0x00000000a2a00000|100%| O|  |TAMS 0x00000000a2a00000, 0x00000000a2900000| Untracked 
|   4|0x00000000a2a00000, 0x00000000a2b00000, 0x00000000a2b00000|100%| O|  |TAMS 0x00000000a2b00000, 0x00000000a2a00000| Untracked 
|   5|0x00000000a2b00000, 0x00000000a2c00000, 0x00000000a2c00000|100%| O|  |TAMS 0x00000000a2c00000, 0x00000000a2b00000| Untracked 
|   6|0x00000000a2c00000, 0x00000000a2d00000, 0x00000000a2d00000|100%| O|  |TAMS 0x00000000a2d00000, 0x00000000a2c00000| Untracked 
|   7|0x00000000a2d00000, 0x00000000a2e00000, 0x00000000a2e00000|100%|HS|  |TAMS 0x00000000a2e00000, 0x00000000a2d00000| Complete 
|   8|0x00000000a2e00000, 0x00000000a2f00000, 0x00000000a2f00000|100%|HS|  |TAMS 0x00000000a2f00000, 0x00000000a2e00000| Complete 
|   9|0x00000000a2f00000, 0x00000000a3000000, 0x00000000a3000000|100%|HS|  |TAMS 0x00000000a3000000, 0x00000000a2f00000| Complete 
|  10|0x00000000a3000000, 0x00000000a3100000, 0x00000000a3100000|100%| O|  |TAMS 0x00000000a3100000, 0x00000000a3000000| Untracked 
|  11|0x00000000a3100000, 0x00000000a3200000, 0x00000000a3200000|100%| O|  |TAMS 0x00000000a3200000, 0x00000000a3100000| Untracked 
|  12|0x00000000a3200000, 0x00000000a3300000, 0x00000000a3300000|100%| O|  |TAMS 0x00000000a3300000, 0x00000000a3200000| Untracked 
|  13|0x00000000a3300000, 0x00000000a3400000, 0x00000000a3400000|100%| O|  |TAMS 0x00000000a3400000, 0x00000000a3300000| Untracked 
|  14|0x00000000a3400000, 0x00000000a3500000, 0x00000000a3500000|100%|HS|  |TAMS 0x00000000a3500000, 0x00000000a3400000| Complete 
|  15|0x00000000a3500000, 0x00000000a3600000, 0x00000000a3600000|100%|HC|  |TAMS 0x00000000a3600000, 0x00000000a3500000| Complete 
|  16|0x00000000a3600000, 0x00000000a3700000, 0x00000000a3700000|100%| O|  |TAMS 0x00000000a3700000, 0x00000000a3600000| Untracked 
|  17|0x00000000a3700000, 0x00000000a3800000, 0x00000000a3800000|100%| O|  |TAMS 0x00000000a3800000, 0x00000000a3700000| Untracked 
|  18|0x00000000a3800000, 0x00000000a3900000, 0x00000000a3900000|100%| O|  |TAMS 0x00000000a3900000, 0x00000000a3800000| Untracked 
|  19|0x00000000a3900000, 0x00000000a3a00000, 0x00000000a3a00000|100%| O|  |TAMS 0x00000000a3a00000, 0x00000000a3900000| Untracked 
|  20|0x00000000a3a00000, 0x00000000a3b00000, 0x00000000a3b00000|100%| O|  |TAMS 0x00000000a3b00000, 0x00000000a3a00000| Untracked 
|  21|0x00000000a3b00000, 0x00000000a3c00000, 0x00000000a3c00000|100%| O|  |TAMS 0x00000000a3c00000, 0x00000000a3b00000| Untracked 
|  22|0x00000000a3c00000, 0x00000000a3d00000, 0x00000000a3d00000|100%| O|  |TAMS 0x00000000a3d00000, 0x00000000a3c00000| Untracked 
|  23|0x00000000a3d00000, 0x00000000a3e00000, 0x00000000a3e00000|100%| O|  |TAMS 0x00000000a3e00000, 0x00000000a3d00000| Untracked 
|  24|0x00000000a3e00000, 0x00000000a3f00000, 0x00000000a3f00000|100%| O|  |TAMS 0x00000000a3f00000, 0x00000000a3e00000| Untracked 
|  25|0x00000000a3f00000, 0x00000000a4000000, 0x00000000a4000000|100%| O|  |TAMS 0x00000000a4000000, 0x00000000a3f00000| Untracked 
|  26|0x00000000a4000000, 0x00000000a4100000, 0x00000000a4100000|100%| O|  |TAMS 0x00000000a4100000, 0x00000000a4000000| Untracked 
|  27|0x00000000a4100000, 0x00000000a4200000, 0x00000000a4200000|100%|HS|  |TAMS 0x00000000a4200000, 0x00000000a4100000| Complete 
|  28|0x00000000a4200000, 0x00000000a4300000, 0x00000000a4300000|100%|HC|  |TAMS 0x00000000a4300000, 0x00000000a4200000| Complete 
|  29|0x00000000a4300000, 0x00000000a4400000, 0x00000000a4400000|100%|HC|  |TAMS 0x00000000a4400000, 0x00000000a4300000| Complete 
|  30|0x00000000a4400000, 0x00000000a4500000, 0x00000000a4500000|100%|HC|  |TAMS 0x00000000a4500000, 0x00000000a4400000| Complete 
|  31|0x00000000a4500000, 0x00000000a4600000, 0x00000000a4600000|100%|HC|  |TAMS 0x00000000a4600000, 0x00000000a4500000| Complete 
|  32|0x00000000a4600000, 0x00000000a4700000, 0x00000000a4700000|100%|HC|  |TAMS 0x00000000a4700000, 0x00000000a4600000| Complete 
|  33|0x00000000a4700000, 0x00000000a4800000, 0x00000000a4800000|100%| O|  |TAMS 0x00000000a4800000, 0x00000000a4700000| Untracked 
|  34|0x00000000a4800000, 0x00000000a4900000, 0x00000000a4900000|100%| O|  |TAMS 0x00000000a4900000, 0x00000000a4800000| Untracked 
|  35|0x00000000a4900000, 0x00000000a4a00000, 0x00000000a4a00000|100%| O|  |TAMS 0x00000000a4a00000, 0x00000000a4900000| Untracked 
|  36|0x00000000a4a00000, 0x00000000a4b00000, 0x00000000a4b00000|100%| O|  |TAMS 0x00000000a4b00000, 0x00000000a4a00000| Untracked 
|  37|0x00000000a4b00000, 0x00000000a4c00000, 0x00000000a4c00000|100%| O|  |TAMS 0x00000000a4c00000, 0x00000000a4b00000| Untracked 
|  38|0x00000000a4c00000, 0x00000000a4d00000, 0x00000000a4d00000|100%| O|  |TAMS 0x00000000a4d00000, 0x00000000a4c00000| Untracked 
|  39|0x00000000a4d00000, 0x00000000a4e00000, 0x00000000a4e00000|100%| O|  |TAMS 0x00000000a4e00000, 0x00000000a4d00000| Untracked 
|  40|0x00000000a4e00000, 0x00000000a4f00000, 0x00000000a4f00000|100%| O|  |TAMS 0x00000000a4f00000, 0x00000000a4e00000| Untracked 
|  41|0x00000000a4f00000, 0x00000000a5000000, 0x00000000a5000000|100%| O|  |TAMS 0x00000000a5000000, 0x00000000a4f00000| Untracked 
|  42|0x00000000a5000000, 0x00000000a5100000, 0x00000000a5100000|100%| O|  |TAMS 0x00000000a5100000, 0x00000000a5000000| Untracked 
|  43|0x00000000a5100000, 0x00000000a5200000, 0x00000000a5200000|100%| O|  |TAMS 0x00000000a5200000, 0x00000000a5100000| Untracked 
|  44|0x00000000a5200000, 0x00000000a5300000, 0x00000000a5300000|100%| O|  |TAMS 0x00000000a5300000, 0x00000000a5200000| Untracked 
|  45|0x00000000a5300000, 0x00000000a5400000, 0x00000000a5400000|100%| O|  |TAMS 0x00000000a5400000, 0x00000000a5300000| Untracked 
|  46|0x00000000a5400000, 0x00000000a5500000, 0x00000000a5500000|100%| O|  |TAMS 0x00000000a5500000, 0x00000000a5400000| Untracked 
|  47|0x00000000a5500000, 0x00000000a5600000, 0x00000000a5600000|100%| O|  |TAMS 0x00000000a5600000, 0x00000000a5500000| Untracked 
|  48|0x00000000a5600000, 0x00000000a5700000, 0x00000000a5700000|100%| O|  |TAMS 0x00000000a5700000, 0x00000000a5600000| Untracked 
|  49|0x00000000a5700000, 0x00000000a5800000, 0x00000000a5800000|100%| O|  |TAMS 0x00000000a5800000, 0x00000000a5700000| Untracked 
|  50|0x00000000a5800000, 0x00000000a5900000, 0x00000000a5900000|100%| O|  |TAMS 0x00000000a5900000, 0x00000000a5800000| Untracked 
|  51|0x00000000a5900000, 0x00000000a5a00000, 0x00000000a5a00000|100%| O|  |TAMS 0x00000000a5a00000, 0x00000000a5900000| Untracked 
|  52|0x00000000a5a00000, 0x00000000a5b00000, 0x00000000a5b00000|100%| O|  |TAMS 0x00000000a5b00000, 0x00000000a5a00000| Untracked 
|  53|0x00000000a5b00000, 0x00000000a5c00000, 0x00000000a5c00000|100%| O|  |TAMS 0x00000000a5c00000, 0x00000000a5b00000| Untracked 
|  54|0x00000000a5c00000, 0x00000000a5d00000, 0x00000000a5d00000|100%| O|  |TAMS 0x00000000a5d00000, 0x00000000a5c00000| Untracked 
|  55|0x00000000a5d00000, 0x00000000a5e00000, 0x00000000a5e00000|100%| O|  |TAMS 0x00000000a5e00000, 0x00000000a5d00000| Untracked 
|  56|0x00000000a5e00000, 0x00000000a5f00000, 0x00000000a5f00000|100%| O|  |TAMS 0x00000000a5f00000, 0x00000000a5e00000| Untracked 
|  57|0x00000000a5f00000, 0x00000000a6000000, 0x00000000a6000000|100%| O|  |TAMS 0x00000000a6000000, 0x00000000a5f00000| Untracked 
|  58|0x00000000a6000000, 0x00000000a6100000, 0x00000000a6100000|100%| O|  |TAMS 0x00000000a6100000, 0x00000000a6000000| Untracked 
|  59|0x00000000a6100000, 0x00000000a6200000, 0x00000000a6200000|100%| O|  |TAMS 0x00000000a6200000, 0x00000000a6100000| Untracked 
|  60|0x00000000a6200000, 0x00000000a6300000, 0x00000000a6300000|100%| O|  |TAMS 0x00000000a6300000, 0x00000000a6200000| Untracked 
|  61|0x00000000a6300000, 0x00000000a6400000, 0x00000000a6400000|100%| O|  |TAMS 0x00000000a6400000, 0x00000000a6300000| Untracked 
|  62|0x00000000a6400000, 0x00000000a6500000, 0x00000000a6500000|100%| O|  |TAMS 0x00000000a6500000, 0x00000000a6400000| Untracked 
|  63|0x00000000a6500000, 0x00000000a6600000, 0x00000000a6600000|100%| O|  |TAMS 0x00000000a6600000, 0x00000000a6500000| Untracked 
|  64|0x00000000a6600000, 0x00000000a6700000, 0x00000000a6700000|100%| O|  |TAMS 0x00000000a6600000, 0x00000000a6600000| Untracked 
|  65|0x00000000a6700000, 0x00000000a6800000, 0x00000000a6800000|100%| O|  |TAMS 0x00000000a6800000, 0x00000000a6700000| Untracked 
|  66|0x00000000a6800000, 0x00000000a6900000, 0x00000000a6900000|100%| O|  |TAMS 0x00000000a6900000, 0x00000000a6800000| Untracked 
|  67|0x00000000a6900000, 0x00000000a6a00000, 0x00000000a6a00000|100%| O|  |TAMS 0x00000000a6a00000, 0x00000000a6900000| Untracked 
|  68|0x00000000a6a00000, 0x00000000a6b00000, 0x00000000a6b00000|100%| O|  |TAMS 0x00000000a6b00000, 0x00000000a6a00000| Untracked 
|  69|0x00000000a6b00000, 0x00000000a6c00000, 0x00000000a6c00000|100%| O|  |TAMS 0x00000000a6c00000, 0x00000000a6b00000| Untracked 
|  70|0x00000000a6c00000, 0x00000000a6d00000, 0x00000000a6d00000|100%| O|  |TAMS 0x00000000a6d00000, 0x00000000a6c00000| Untracked 
|  71|0x00000000a6d00000, 0x00000000a6e00000, 0x00000000a6e00000|100%| O|  |TAMS 0x00000000a6e00000, 0x00000000a6d00000| Untracked 
|  72|0x00000000a6e00000, 0x00000000a6f00000, 0x00000000a6f00000|100%| O|  |TAMS 0x00000000a6f00000, 0x00000000a6e00000| Untracked 
|  73|0x00000000a6f00000, 0x00000000a7000000, 0x00000000a7000000|100%| O|  |TAMS 0x00000000a7000000, 0x00000000a6f00000| Untracked 
|  74|0x00000000a7000000, 0x00000000a7100000, 0x00000000a7100000|100%| O|  |TAMS 0x00000000a7000000, 0x00000000a7000000| Untracked 
|  75|0x00000000a7100000, 0x00000000a7200000, 0x00000000a7200000|100%|HS|  |TAMS 0x00000000a7200000, 0x00000000a7100000| Complete 
|  76|0x00000000a7200000, 0x00000000a7300000, 0x00000000a7300000|100%|HC|  |TAMS 0x00000000a7300000, 0x00000000a7200000| Complete 
|  77|0x00000000a7300000, 0x00000000a7400000, 0x00000000a7400000|100%| O|  |TAMS 0x00000000a7400000, 0x00000000a7300000| Untracked 
|  78|0x00000000a7400000, 0x00000000a7500000, 0x00000000a7500000|100%| O|  |TAMS 0x00000000a7500000, 0x00000000a7400000| Untracked 
|  79|0x00000000a7500000, 0x00000000a7600000, 0x00000000a7600000|100%| O|  |TAMS 0x00000000a7600000, 0x00000000a7500000| Untracked 
|  80|0x00000000a7600000, 0x00000000a7700000, 0x00000000a7700000|100%| O|  |TAMS 0x00000000a7700000, 0x00000000a7600000| Untracked 
|  81|0x00000000a7700000, 0x00000000a7800000, 0x00000000a7800000|100%| O|  |TAMS 0x00000000a7800000, 0x00000000a7700000| Untracked 
|  82|0x00000000a7800000, 0x00000000a7900000, 0x00000000a7900000|100%| O|  |TAMS 0x00000000a7900000, 0x00000000a7800000| Untracked 
|  83|0x00000000a7900000, 0x00000000a7a00000, 0x00000000a7a00000|100%| O|  |TAMS 0x00000000a7a00000, 0x00000000a7900000| Untracked 
|  84|0x00000000a7a00000, 0x00000000a7b00000, 0x00000000a7b00000|100%| O|  |TAMS 0x00000000a7b00000, 0x00000000a7a00000| Untracked 
|  85|0x00000000a7b00000, 0x00000000a7c00000, 0x00000000a7c00000|100%| O|  |TAMS 0x00000000a7c00000, 0x00000000a7b00000| Untracked 
|  86|0x00000000a7c00000, 0x00000000a7d00000, 0x00000000a7d00000|100%| O|  |TAMS 0x00000000a7cfe600, 0x00000000a7c00000| Untracked 
|  87|0x00000000a7d00000, 0x00000000a7e00000, 0x00000000a7e00000|100%| O|  |TAMS 0x00000000a7d00000, 0x00000000a7d00000| Untracked 
|  88|0x00000000a7e00000, 0x00000000a7f00000, 0x00000000a7f00000|100%| O|  |TAMS 0x00000000a7e00000, 0x00000000a7e00000| Untracked 
|  89|0x00000000a7f00000, 0x00000000a8000000, 0x00000000a8000000|100%| O|  |TAMS 0x00000000a7f00000, 0x00000000a7f00000| Untracked 
|  90|0x00000000a8000000, 0x00000000a8100000, 0x00000000a8100000|100%| O|  |TAMS 0x00000000a8000000, 0x00000000a8000000| Untracked 
|  91|0x00000000a8100000, 0x00000000a8200000, 0x00000000a8200000|100%| O|  |TAMS 0x00000000a8100000, 0x00000000a8100000| Untracked 
|  92|0x00000000a8200000, 0x00000000a8300000, 0x00000000a8300000|100%| O|  |TAMS 0x00000000a8200000, 0x00000000a8200000| Untracked 
|  93|0x00000000a8300000, 0x00000000a8311200, 0x00000000a8400000|  6%| O|  |TAMS 0x00000000a8300000, 0x00000000a8300000| Untracked 
|  94|0x00000000a8400000, 0x00000000a8400000, 0x00000000a8500000|  0%| F|  |TAMS 0x00000000a8400000, 0x00000000a8400000| Untracked 
|  95|0x00000000a8500000, 0x00000000a8500000, 0x00000000a8600000|  0%| F|  |TAMS 0x00000000a8500000, 0x00000000a8500000| Untracked 
|  96|0x00000000a8600000, 0x00000000a8600000, 0x00000000a8700000|  0%| F|  |TAMS 0x00000000a8600000, 0x00000000a8600000| Untracked 
|  97|0x00000000a8700000, 0x00000000a8700000, 0x00000000a8800000|  0%| F|  |TAMS 0x00000000a8700000, 0x00000000a8700000| Untracked 
|  98|0x00000000a8800000, 0x00000000a8800000, 0x00000000a8900000|  0%| F|  |TAMS 0x00000000a8800000, 0x00000000a8800000| Untracked 
|  99|0x00000000a8900000, 0x00000000a8900000, 0x00000000a8a00000|  0%| F|  |TAMS 0x00000000a8900000, 0x00000000a8900000| Untracked 
| 100|0x00000000a8a00000, 0x00000000a8a00000, 0x00000000a8b00000|  0%| F|  |TAMS 0x00000000a8a00000, 0x00000000a8a00000| Untracked 
| 101|0x00000000a8b00000, 0x00000000a8b00000, 0x00000000a8c00000|  0%| F|  |TAMS 0x00000000a8b00000, 0x00000000a8b00000| Untracked 
| 102|0x00000000a8c00000, 0x00000000a8c00000, 0x00000000a8d00000|  0%| F|  |TAMS 0x00000000a8c00000, 0x00000000a8c00000| Untracked 
| 103|0x00000000a8d00000, 0x00000000a8d00000, 0x00000000a8e00000|  0%| F|  |TAMS 0x00000000a8d00000, 0x00000000a8d00000| Untracked 
| 104|0x00000000a8e00000, 0x00000000a8e00000, 0x00000000a8f00000|  0%| F|  |TAMS 0x00000000a8e00000, 0x00000000a8e00000| Untracked 
| 105|0x00000000a8f00000, 0x00000000a8f00000, 0x00000000a9000000|  0%| F|  |TAMS 0x00000000a8f00000, 0x00000000a8f00000| Untracked 
| 106|0x00000000a9000000, 0x00000000a9000000, 0x00000000a9100000|  0%| F|  |TAMS 0x00000000a9000000, 0x00000000a9000000| Untracked 
| 107|0x00000000a9100000, 0x00000000a9100000, 0x00000000a9200000|  0%| F|  |TAMS 0x00000000a9100000, 0x00000000a9100000| Untracked 
| 108|0x00000000a9200000, 0x00000000a9200000, 0x00000000a9300000|  0%| F|  |TAMS 0x00000000a9200000, 0x00000000a9200000| Untracked 
| 109|0x00000000a9300000, 0x00000000a9300000, 0x00000000a9400000|  0%| F|  |TAMS 0x00000000a9300000, 0x00000000a9300000| Untracked 
| 110|0x00000000a9400000, 0x00000000a9400000, 0x00000000a9500000|  0%| F|  |TAMS 0x00000000a9400000, 0x00000000a9400000| Untracked 
| 111|0x00000000a9500000, 0x00000000a9500000, 0x00000000a9600000|  0%| F|  |TAMS 0x00000000a9500000, 0x00000000a9500000| Untracked 
| 112|0x00000000a9600000, 0x00000000a9600000, 0x00000000a9700000|  0%| F|  |TAMS 0x00000000a9600000, 0x00000000a9600000| Untracked 
| 113|0x00000000a9700000, 0x00000000a9700000, 0x00000000a9800000|  0%| F|  |TAMS 0x00000000a9700000, 0x00000000a9700000| Untracked 
| 114|0x00000000a9800000, 0x00000000a9800000, 0x00000000a9900000|  0%| F|  |TAMS 0x00000000a9800000, 0x00000000a9800000| Untracked 
| 115|0x00000000a9900000, 0x00000000a9926600, 0x00000000a9a00000| 14%| S|CS|TAMS 0x00000000a9900000, 0x00000000a9900000| Complete 
| 116|0x00000000a9a00000, 0x00000000a9b00000, 0x00000000a9b00000|100%| S|CS|TAMS 0x00000000a9a00000, 0x00000000a9a00000| Complete 
| 117|0x00000000a9b00000, 0x00000000a9c00000, 0x00000000a9c00000|100%| S|CS|TAMS 0x00000000a9b00000, 0x00000000a9b00000| Complete 
| 118|0x00000000a9c00000, 0x00000000a9c00000, 0x00000000a9d00000|  0%| F|  |TAMS 0x00000000a9c00000, 0x00000000a9c00000| Untracked 
| 119|0x00000000a9d00000, 0x00000000a9d00000, 0x00000000a9e00000|  0%| F|  |TAMS 0x00000000a9d00000, 0x00000000a9d00000| Untracked 
| 120|0x00000000a9e00000, 0x00000000a9e00000, 0x00000000a9f00000|  0%| F|  |TAMS 0x00000000a9e00000, 0x00000000a9e00000| Untracked 
| 121|0x00000000a9f00000, 0x00000000aa000000, 0x00000000aa000000|100%| E|  |TAMS 0x00000000a9f00000, 0x00000000a9f00000| Complete 
| 122|0x00000000aa000000, 0x00000000aa100000, 0x00000000aa100000|100%| E|CS|TAMS 0x00000000aa000000, 0x00000000aa000000| Complete 
| 123|0x00000000aa100000, 0x00000000aa200000, 0x00000000aa200000|100%| E|CS|TAMS 0x00000000aa100000, 0x00000000aa100000| Complete 
| 124|0x00000000aa200000, 0x00000000aa300000, 0x00000000aa300000|100%| E|CS|TAMS 0x00000000aa200000, 0x00000000aa200000| Complete 
| 125|0x00000000aa300000, 0x00000000aa400000, 0x00000000aa400000|100%| E|CS|TAMS 0x00000000aa300000, 0x00000000aa300000| Complete 
| 126|0x00000000aa400000, 0x00000000aa500000, 0x00000000aa500000|100%| E|CS|TAMS 0x00000000aa400000, 0x00000000aa400000| Complete 
| 127|0x00000000aa500000, 0x00000000aa600000, 0x00000000aa600000|100%| E|CS|TAMS 0x00000000aa500000, 0x00000000aa500000| Complete 
| 128|0x00000000aa600000, 0x00000000aa700000, 0x00000000aa700000|100%| E|CS|TAMS 0x00000000aa600000, 0x00000000aa600000| Complete 
| 129|0x00000000aa700000, 0x00000000aa800000, 0x00000000aa800000|100%| E|CS|TAMS 0x00000000aa700000, 0x00000000aa700000| Complete 
| 130|0x00000000aa800000, 0x00000000aa900000, 0x00000000aa900000|100%| E|CS|TAMS 0x00000000aa800000, 0x00000000aa800000| Complete 
| 131|0x00000000aa900000, 0x00000000aaa00000, 0x00000000aaa00000|100%| E|CS|TAMS 0x00000000aa900000, 0x00000000aa900000| Complete 
| 132|0x00000000aaa00000, 0x00000000aab00000, 0x00000000aab00000|100%| E|CS|TAMS 0x00000000aaa00000, 0x00000000aaa00000| Complete 
| 133|0x00000000aab00000, 0x00000000aac00000, 0x00000000aac00000|100%| E|CS|TAMS 0x00000000aab00000, 0x00000000aab00000| Complete 
| 134|0x00000000aac00000, 0x00000000aad00000, 0x00000000aad00000|100%| E|CS|TAMS 0x00000000aac00000, 0x00000000aac00000| Complete 
| 135|0x00000000aad00000, 0x00000000aae00000, 0x00000000aae00000|100%| E|CS|TAMS 0x00000000aad00000, 0x00000000aad00000| Complete 
| 136|0x00000000aae00000, 0x00000000aaf00000, 0x00000000aaf00000|100%| E|CS|TAMS 0x00000000aae00000, 0x00000000aae00000| Complete 
| 137|0x00000000aaf00000, 0x00000000ab000000, 0x00000000ab000000|100%| E|CS|TAMS 0x00000000aaf00000, 0x00000000aaf00000| Complete 
| 138|0x00000000ab000000, 0x00000000ab100000, 0x00000000ab100000|100%| E|CS|TAMS 0x00000000ab000000, 0x00000000ab000000| Complete 
| 139|0x00000000ab100000, 0x00000000ab200000, 0x00000000ab200000|100%| E|CS|TAMS 0x00000000ab100000, 0x00000000ab100000| Complete 
| 140|0x00000000ab200000, 0x00000000ab300000, 0x00000000ab300000|100%| E|CS|TAMS 0x00000000ab200000, 0x00000000ab200000| Complete 
| 141|0x00000000ab300000, 0x00000000ab400000, 0x00000000ab400000|100%| E|CS|TAMS 0x00000000ab300000, 0x00000000ab300000| Complete 
| 142|0x00000000ab400000, 0x00000000ab500000, 0x00000000ab500000|100%| E|CS|TAMS 0x00000000ab400000, 0x00000000ab400000| Complete 
| 143|0x00000000ab500000, 0x00000000ab600000, 0x00000000ab600000|100%| E|CS|TAMS 0x00000000ab500000, 0x00000000ab500000| Complete 
| 144|0x00000000ab600000, 0x00000000ab700000, 0x00000000ab700000|100%| E|CS|TAMS 0x00000000ab600000, 0x00000000ab600000| Complete 
| 145|0x00000000ab700000, 0x00000000ab800000, 0x00000000ab800000|100%| E|CS|TAMS 0x00000000ab700000, 0x00000000ab700000| Complete 
| 146|0x00000000ab800000, 0x00000000ab900000, 0x00000000ab900000|100%| E|CS|TAMS 0x00000000ab800000, 0x00000000ab800000| Complete 
| 147|0x00000000ab900000, 0x00000000aba00000, 0x00000000aba00000|100%| E|CS|TAMS 0x00000000ab900000, 0x00000000ab900000| Complete 
| 148|0x00000000aba00000, 0x00000000abb00000, 0x00000000abb00000|100%| E|CS|TAMS 0x00000000aba00000, 0x00000000aba00000| Complete 
| 149|0x00000000abb00000, 0x00000000abc00000, 0x00000000abc00000|100%| E|CS|TAMS 0x00000000abb00000, 0x00000000abb00000| Complete 

Card table byte_map: [0x000002eae7b90000,0x000002eae7e80000] _byte_map_base: 0x000002eae767d000

Marking Bits (Prev, Next): (CMBitMap*) 0x000002ead0a5fe40, (CMBitMap*) 0x000002ead0a5fe80
 Prev Bits: [0x000002eae8170000, 0x000002eae98d8000)
 Next Bits: [0x000002eae98e0000, 0x000002eaeb048000)

Polling page: 0x000002eace9b0000

Metaspace:

Usage:
  Non-class:     68.25 MB used.
      Class:      7.92 MB used.
       Both:     76.17 MB used.

Virtual space:
  Non-class space:      128.00 MB reserved,      68.50 MB ( 54%) committed,  2 nodes.
      Class space:        1.00 GB reserved,       8.12 MB ( <1%) committed,  1 nodes.
             Both:        1.12 GB reserved,      76.62 MB (  7%) committed. 

Chunk freelists:
   Non-Class:  10.94 MB
       Class:  7.70 MB
        Both:  18.64 MB

MaxMetaspaceSize: unlimited
CompressedClassSpaceSize: 1.00 GB
Initial GC threshold: 21.00 MB
Current GC threshold: 100.44 MB
CDS: on
MetaspaceReclaimPolicy: balanced
 - commit_granule_bytes: 65536.
 - commit_granule_words: 8192.
 - virtual_space_node_default_size: 8388608.
 - enlarge_chunks_in_place: 1.
 - new_chunks_are_fully_committed: 0.
 - uncommit_free_chunks: 1.
 - use_allocation_guard: 0.
 - handle_deallocations: 1.


Internal statistics:

num_allocs_failed_limit: 6.
num_arena_births: 536.
num_arena_deaths: 0.
num_vsnodes_births: 3.
num_vsnodes_deaths: 0.
num_space_committed: 1224.
num_space_uncommitted: 0.
num_chunks_returned_to_freelist: 6.
num_chunks_taken_from_freelist: 3453.
num_chunk_merges: 6.
num_chunk_splits: 2678.
num_chunks_enlarged: 2305.
num_inconsistent_stats: 0.

CodeHeap 'non-profiled nmethods': size=120000Kb used=8147Kb max_used=8147Kb free=111852Kb
 bounds [0x000002eadfe00000, 0x000002eae0600000, 0x000002eae7330000]
CodeHeap 'profiled nmethods': size=120000Kb used=43939Kb max_used=44458Kb free=76060Kb
 bounds [0x000002ead8330000, 0x000002eadaed0000, 0x000002eadf860000]
CodeHeap 'non-nmethods': size=5760Kb used=1432Kb max_used=1471Kb free=4327Kb
 bounds [0x000002eadf860000, 0x000002eadfad0000, 0x000002eadfe00000]
 total_blobs=15422 nmethods=14656 adapters=674
 compilation: enabled
              stopped_count=0, restarted_count=0
 full_count=0

Compilation events (20 events):
Event: 38.122 Thread 0x000002eaedc84930 nmethod 18297 0x000002ead8fb2410 code [0x000002ead8fb25c0, 0x000002ead8fb2888]
Event: 38.122 Thread 0x000002eaedc84930 18298       2       java.lang.StringLatin1::compareTo (14 bytes)
Event: 38.122 Thread 0x000002eaedc84930 nmethod 18298 0x000002ead8d8a310 code [0x000002ead8d8a4a0, 0x000002ead8d8a5a8]
Event: 38.122 Thread 0x000002eaedc84930 18299       2       org.jetbrains.kotlin.resolve.MemberComparator$NameAndTypeMemberComparator::compareInternal (65 bytes)
Event: 38.122 Thread 0x000002eaedc84930 nmethod 18299 0x000002eada4fbf90 code [0x000002eada4fc1e0, 0x000002eada4fc688]
Event: 38.122 Thread 0x000002eaedc84930 18300       2       org.jetbrains.kotlin.codegen.serialization.JvmSerializerExtension::getBinding (24 bytes)
Event: 38.123 Thread 0x000002eaedc84930 nmethod 18300 0x000002ead92b0690 code [0x000002ead92b0880, 0x000002ead92b0b58]
Event: 38.123 Thread 0x000002eaedc84930 18302       2       org.jetbrains.kotlin.resolve.jvm.InlineClassManglingRulesKt::isTypeParameterWithUpperBoundThatRequiresMangling (63 bytes)
Event: 38.124 Thread 0x000002eaedc84930 nmethod 18302 0x000002eada3b8110 code [0x000002eada3b8360, 0x000002eada3b8a18]
Event: 38.124 Thread 0x000002eaedc84930 18303       2       org.jetbrains.kotlin.metadata.jvm.JvmProtoBuf$StringTableTypes$Record$Builder::build (19 bytes)
Event: 38.125 Thread 0x000002eaedc84930 nmethod 18303 0x000002eada641810 code [0x000002eada6419c0, 0x000002eada641bd8]
Event: 38.125 Thread 0x000002eaedc84930 18301       2       org.jetbrains.kotlin.metadata.jvm.JvmProtoBuf$StringTableTypes$Record::newBuilder (4 bytes)
Event: 38.125 Thread 0x000002eaedc84930 nmethod 18301 0x000002eada74bf10 code [0x000002eada74c0a0, 0x000002eada74c208]
Event: 38.125 Thread 0x000002eaedc84930 18304       1       org.jetbrains.kotlin.ir.declarations.lazy.IrLazyTypeParameter::getVariance (5 bytes)
Event: 38.126 Thread 0x000002eaedc84930 nmethod 18304 0x000002eae05f3510 code [0x000002eae05f36a0, 0x000002eae05f3778]
Event: 38.128 Thread 0x000002eaedc84930 18305       2       org.jetbrains.kotlin.backend.jvm.codegen.FunctionCodegen::<init> (38 bytes)
Event: 38.128 Thread 0x000002eaedc84930 nmethod 18305 0x000002ead8dc1890 code [0x000002ead8dc1ac0, 0x000002ead8dc2038]
Event: 38.128 Thread 0x000002eaedc84930 18306   !   2       org.jetbrains.kotlin.backend.jvm.codegen.FunctionCodegen::generate (63 bytes)
Event: 38.129 Thread 0x000002eaedc84930 nmethod 18306 0x000002eada606c10 code [0x000002eada606e60, 0x000002eada6073e8]
Event: 38.129 Thread 0x000002eaedc84930 18307       2       org.jetbrains.kotlin.backend.jvm.codegen.FunctionCodegen::calculateMethodFlags (540 bytes)

GC Heap History (20 events):
Event: 22.365 GC heap before
{Heap before GC invocations=17 (full 0):
 garbage-first heap   total 150528K, used 121105K [0x00000000a2600000, 0x0000000100000000)
  region size 1024K, 42 young (43008K), 2 survivors (2048K)
 Metaspace       used 55201K, committed 55552K, reserved 1114112K
  class space    used 6225K, committed 6400K, reserved 1048576K
}
Event: 22.380 GC heap after
{Heap after GC invocations=18 (full 0):
 garbage-first heap   total 150528K, used 83784K [0x00000000a2600000, 0x0000000100000000)
  region size 1024K, 6 young (6144K), 6 survivors (6144K)
 Metaspace       used 55201K, committed 55552K, reserved 1114112K
  class space    used 6225K, committed 6400K, reserved 1048576K
}
Event: 22.490 GC heap before
{Heap before GC invocations=18 (full 0):
 garbage-first heap   total 150528K, used 84808K [0x00000000a2600000, 0x0000000100000000)
  region size 1024K, 7 young (7168K), 6 survivors (6144K)
 Metaspace       used 55205K, committed 55552K, reserved 1114112K
  class space    used 6225K, committed 6400K, reserved 1048576K
}
Event: 22.500 GC heap after
{Heap after GC invocations=19 (full 0):
 garbage-first heap   total 150528K, used 84236K [0x00000000a2600000, 0x0000000100000000)
  region size 1024K, 1 young (1024K), 1 survivors (1024K)
 Metaspace       used 55205K, committed 55552K, reserved 1114112K
  class space    used 6225K, committed 6400K, reserved 1048576K
}
Event: 25.429 GC heap before
{Heap before GC invocations=19 (full 0):
 garbage-first heap   total 150528K, used 121100K [0x00000000a2600000, 0x0000000100000000)
  region size 1024K, 37 young (37888K), 1 survivors (1024K)
 Metaspace       used 55752K, committed 56128K, reserved 1114112K
  class space    used 6264K, committed 6464K, reserved 1048576K
}
Event: 25.439 GC heap after
{Heap after GC invocations=20 (full 0):
 garbage-first heap   total 150528K, used 86571K [0x00000000a2600000, 0x0000000100000000)
  region size 1024K, 4 young (4096K), 4 survivors (4096K)
 Metaspace       used 55752K, committed 56128K, reserved 1114112K
  class space    used 6264K, committed 6464K, reserved 1048576K
}
Event: 27.527 GC heap before
{Heap before GC invocations=21 (full 0):
 garbage-first heap   total 150528K, used 122411K [0x00000000a2600000, 0x0000000100000000)
  region size 1024K, 39 young (39936K), 4 survivors (4096K)
 Metaspace       used 56902K, committed 57344K, reserved 1114112K
  class space    used 6372K, committed 6592K, reserved 1048576K
}
Event: 27.540 GC heap after
{Heap after GC invocations=22 (full 0):
 garbage-first heap   total 150528K, used 88833K [0x00000000a2600000, 0x0000000100000000)
  region size 1024K, 3 young (3072K), 3 survivors (3072K)
 Metaspace       used 56902K, committed 57344K, reserved 1114112K
  class space    used 6372K, committed 6592K, reserved 1048576K
}
Event: 27.632 GC heap before
{Heap before GC invocations=22 (full 0):
 garbage-first heap   total 150528K, used 92929K [0x00000000a2600000, 0x0000000100000000)
  region size 1024K, 7 young (7168K), 3 survivors (3072K)
 Metaspace       used 56954K, committed 57408K, reserved 1114112K
  class space    used 6373K, committed 6592K, reserved 1048576K
}
Event: 27.638 GC heap after
{Heap after GC invocations=23 (full 0):
 garbage-first heap   total 150528K, used 88979K [0x00000000a2600000, 0x0000000100000000)
  region size 1024K, 1 young (1024K), 1 survivors (1024K)
 Metaspace       used 56954K, committed 57408K, reserved 1114112K
  class space    used 6373K, committed 6592K, reserved 1048576K
}
Event: 29.093 GC heap before
{Heap before GC invocations=23 (full 0):
 garbage-first heap   total 150528K, used 124819K [0x00000000a2600000, 0x0000000100000000)
  region size 1024K, 36 young (36864K), 1 survivors (1024K)
 Metaspace       used 60935K, committed 61376K, reserved 1114112K
  class space    used 6761K, committed 6976K, reserved 1048576K
}
Event: 29.100 GC heap after
{Heap after GC invocations=24 (full 0):
 garbage-first heap   total 150528K, used 90023K [0x00000000a2600000, 0x0000000100000000)
  region size 1024K, 2 young (2048K), 2 survivors (2048K)
 Metaspace       used 60935K, committed 61376K, reserved 1114112K
  class space    used 6761K, committed 6976K, reserved 1048576K
}
Event: 31.289 GC heap before
{Heap before GC invocations=25 (full 0):
 garbage-first heap   total 153600K, used 125863K [0x00000000a2600000, 0x0000000100000000)
  region size 1024K, 37 young (37888K), 2 survivors (2048K)
 Metaspace       used 66262K, committed 66752K, reserved 1114112K
  class space    used 7249K, committed 7488K, reserved 1048576K
}
Event: 31.300 GC heap after
{Heap after GC invocations=26 (full 0):
 garbage-first heap   total 153600K, used 93224K [0x00000000a2600000, 0x0000000100000000)
  region size 1024K, 5 young (5120K), 5 survivors (5120K)
 Metaspace       used 66262K, committed 66752K, reserved 1114112K
  class space    used 7249K, committed 7488K, reserved 1048576K
}
Event: 31.373 GC heap before
{Heap before GC invocations=26 (full 0):
 garbage-first heap   total 153600K, used 95272K [0x00000000a2600000, 0x0000000100000000)
  region size 1024K, 7 young (7168K), 5 survivors (5120K)
 Metaspace       used 66754K, committed 67200K, reserved 1114112K
  class space    used 7286K, committed 7488K, reserved 1048576K
}
Event: 31.383 GC heap after
{Heap after GC invocations=27 (full 0):
 garbage-first heap   total 153600K, used 93439K [0x00000000a2600000, 0x0000000100000000)
  region size 1024K, 1 young (1024K), 1 survivors (1024K)
 Metaspace       used 66754K, committed 67200K, reserved 1114112K
  class space    used 7286K, committed 7488K, reserved 1048576K
}
Event: 33.224 GC heap before
{Heap before GC invocations=27 (full 0):
 garbage-first heap   total 153600K, used 128255K [0x00000000a2600000, 0x0000000100000000)
  region size 1024K, 35 young (35840K), 1 survivors (1024K)
 Metaspace       used 72481K, committed 72960K, reserved 1179648K
  class space    used 7729K, committed 7936K, reserved 1048576K
}
Event: 33.231 GC heap after
{Heap after GC invocations=28 (full 0):
 garbage-first heap   total 153600K, used 95379K [0x00000000a2600000, 0x0000000100000000)
  region size 1024K, 3 young (3072K), 3 survivors (3072K)
 Metaspace       used 72481K, committed 72960K, reserved 1179648K
  class space    used 7729K, committed 7936K, reserved 1048576K
}
Event: 35.398 GC heap before
{Heap before GC invocations=28 (full 0):
 garbage-first heap   total 153600K, used 128147K [0x00000000a2600000, 0x0000000100000000)
  region size 1024K, 35 young (35840K), 3 survivors (3072K)
 Metaspace       used 77124K, committed 77632K, reserved 1179648K
  class space    used 8096K, committed 8320K, reserved 1048576K
}
Event: 35.406 GC heap after
{Heap after GC invocations=29 (full 0):
 garbage-first heap   total 153600K, used 97502K [0x00000000a2600000, 0x0000000100000000)
  region size 1024K, 3 young (3072K), 3 survivors (3072K)
 Metaspace       used 77124K, committed 77632K, reserved 1179648K
  class space    used 8096K, committed 8320K, reserved 1048576K
}

Deoptimization events (20 events):
Event: 35.460 Thread 0x000002ead0a11fd0 Uncommon trap: trap_request=0xffffff45 fr.pc=0x000002eae045dd64 relative=0x00000000000000c4
Event: 35.460 Thread 0x000002ead0a11fd0 Uncommon trap: reason=unstable_if action=reinterpret pc=0x000002eae045dd64 method=org.jetbrains.kotlin.codegen.optimization.common.FastAnalyzer.updateQueue(ZI)V @ 10 c2
Event: 35.460 Thread 0x000002ead0a11fd0 DEOPT PACKING pc=0x000002eae045dd64 sp=0x000000fb4fbfd6b0
Event: 35.460 Thread 0x000002ead0a11fd0 DEOPT UNPACKING pc=0x000002eadf8b23a3 sp=0x000000fb4fbfd648 mode 2
Event: 37.821 Thread 0x000002ead0a11fd0 Uncommon trap: trap_request=0xffffff5c fr.pc=0x000002eae05cf7a4 relative=0x0000000000000384
Event: 37.821 Thread 0x000002ead0a11fd0 Uncommon trap: reason=speculate_null_check action=make_not_entrant pc=0x000002eae05cf7a4 method=org.jetbrains.kotlin.codegen.optimization.nullCheck.RedundantNullCheckMethodTransformerKt.isCheckNotNull(Lorg/jetbrains/org/objectweb/asm/tree/AbstractInsnNode
Event: 37.821 Thread 0x000002ead0a11fd0 DEOPT PACKING pc=0x000002eae05cf7a4 sp=0x000000fb4fbfc6c0
Event: 37.821 Thread 0x000002ead0a11fd0 DEOPT UNPACKING pc=0x000002eadf8b23a3 sp=0x000000fb4fbfc600 mode 2
Event: 37.921 Thread 0x000002ead0a11fd0 Uncommon trap: trap_request=0xffffff45 fr.pc=0x000002eae05bdf84 relative=0x0000000000003304
Event: 37.921 Thread 0x000002ead0a11fd0 Uncommon trap: reason=unstable_if action=reinterpret pc=0x000002eae05bdf84 method=org.jetbrains.org.objectweb.asm.tree.analysis.Frame.execute(Lorg/jetbrains/org/objectweb/asm/tree/AbstractInsnNode;Lorg/jetbrains/org/objectweb/asm/tree/analysis/Interpreter
Event: 37.921 Thread 0x000002ead0a11fd0 DEOPT PACKING pc=0x000002eae05bdf84 sp=0x000000fb4fbfc480
Event: 37.921 Thread 0x000002ead0a11fd0 DEOPT UNPACKING pc=0x000002eadf8b23a3 sp=0x000000fb4fbfc450 mode 2
Event: 38.073 Thread 0x000002ead0a11fd0 DEOPT PACKING pc=0x000002eadabf21c6 sp=0x000000fb4fbfd720
Event: 38.073 Thread 0x000002ead0a11fd0 DEOPT UNPACKING pc=0x000002eadf8b2b43 sp=0x000000fb4fbfcc98 mode 0
Event: 38.097 Thread 0x000002ead0a11fd0 DEOPT PACKING pc=0x000002eadad46af4 sp=0x000000fb4fbfd530
Event: 38.097 Thread 0x000002ead0a11fd0 DEOPT UNPACKING pc=0x000002eadf8b2b43 sp=0x000000fb4fbfca78 mode 0
Event: 38.116 Thread 0x000002ead0a11fd0 Uncommon trap: trap_request=0xffffff45 fr.pc=0x000002eae05d451c relative=0x00000000000002dc
Event: 38.116 Thread 0x000002ead0a11fd0 Uncommon trap: reason=unstable_if action=reinterpret pc=0x000002eae05d451c method=org.jetbrains.org.objectweb.asm.Frame.merge(Lorg/jetbrains/org/objectweb/asm/SymbolTable;I[II)Z @ 275 c2
Event: 38.116 Thread 0x000002ead0a11fd0 DEOPT PACKING pc=0x000002eae05d451c sp=0x000000fb4fbfdb60
Event: 38.116 Thread 0x000002ead0a11fd0 DEOPT UNPACKING pc=0x000002eadf8b23a3 sp=0x000000fb4fbfdac8 mode 2

Classes unloaded (0 events):
No events

Classes redefined (0 events):
No events

Internal exceptions (20 events):
Event: 29.146 Thread 0x000002ead0a11fd0 Exception <a 'java/lang/NoSuchMethodError'{0x00000000abaec060}: 'java.lang.Object java.lang.invoke.Invokers$Holder.linkToTargetMethod(java.lang.Object, java.lang.Object, int, int, java.lang.Object, java.lang.Object)'> (0x00000000abaec060) 
thrown [s\open\src\hotspot\share\interpreter\linkResolver.cpp, line 759]
Event: 29.209 Thread 0x000002ead0a11fd0 Exception <a 'java/lang/NoSuchMethodError'{0x00000000ab7bc400}: 'java.lang.Object java.lang.invoke.DirectMethodHandle$Holder.newInvokeSpecial(java.lang.Object, java.lang.Object, java.lang.Object, int, int, java.lang.Object, java.lang.Object)'> (0x00000000ab7bc400) 
thrown [s\open\src\hotspot\share\interpreter\linkResolver.cpp, line 759]
Event: 29.211 Thread 0x000002ead0a11fd0 Exception <a 'java/lang/NoSuchMethodError'{0x00000000ab7c4050}: 'java.lang.Object java.lang.invoke.Invokers$Holder.linkToTargetMethod(java.lang.Object, java.lang.Object, int, int, java.lang.Object, java.lang.Object, java.lang.Object)'> (0x00000000ab7c4050) 
thrown [s\open\src\hotspot\share\interpreter\linkResolver.cpp, line 759]
Event: 29.228 Thread 0x000002ead0a11fd0 Exception <a 'java/lang/NoSuchMethodError'{0x00000000abb08b28}: 'java.lang.Object java.lang.invoke.DirectMethodHandle$Holder.newInvokeSpecial(java.lang.Object, java.lang.Object, java.lang.Object, int, int, java.lang.Object, java.lang.Object, java.lang.Object, java.lang.Object)'> (0x00000000abb08b28) 
thrown [s\open\src\hotspot\share\interpreter\linkResolver.cpp, line 759]
Event: 29.229 Thread 0x000002ead0a11fd0 Exception <a 'java/lang/NoSuchMethodError'{0x00000000abb12340}: 'java.lang.Object java.lang.invoke.Invokers$Holder.linkToTargetMethod(java.lang.Object, java.lang.Object, int, int, java.lang.Object, java.lang.Object, java.lang.Object, java.lang.Object, java.lang.Object)'> (0x00000000abb12340) 
thrown [s\open\src\hotspot\share\interpreter\linkResolver.cpp, line 759]
Event: 29.567 Thread 0x000002ead0a11fd0 Exception <a 'java/lang/NoSuchMethodError'{0x00000000ab493d40}: 'java.lang.Object java.lang.invoke.DirectMethodHandle$Holder.invokeStatic(java.lang.Object, java.lang.Object, java.lang.Object, int, int, java.lang.Object, java.lang.Object, java.lang.Object)'> (0x00000000ab493d40) 
thrown [s\open\src\hotspot\share\interpreter\linkResolver.cpp, line 759]
Event: 29.569 Thread 0x000002ead0a11fd0 Exception <a 'java/lang/NoSuchMethodError'{0x00000000ab49c630}: 'java.lang.Object java.lang.invoke.DirectMethodHandle$Holder.newInvokeSpecial(java.lang.Object, java.lang.Object, java.lang.Object, int, int)'> (0x00000000ab49c630) 
thrown [s\open\src\hotspot\share\interpreter\linkResolver.cpp, line 759]
Event: 29.569 Thread 0x000002ead0a11fd0 Exception <a 'java/lang/NoSuchMethodError'{0x00000000ab4a0470}: 'java.lang.Object java.lang.invoke.DirectMethodHandle$Holder.invokeSpecial(java.lang.Object, java.lang.Object, java.lang.Object, java.lang.Object, int, int)'> (0x00000000ab4a0470) 
thrown [s\open\src\hotspot\share\interpreter\linkResolver.cpp, line 759]
Event: 29.570 Thread 0x000002ead0a11fd0 Exception <a 'java/lang/NoSuchMethodError'{0x00000000ab4a3e68}: 'java.lang.Object java.lang.invoke.Invokers$Holder.linkToTargetMethod(java.lang.Object, java.lang.Object, int, int, java.lang.Object)'> (0x00000000ab4a3e68) 
thrown [s\open\src\hotspot\share\interpreter\linkResolver.cpp, line 759]
Event: 29.802 Thread 0x000002ead0a11fd0 Exception <a 'java/lang/NoSuchMethodError'{0x00000000ab2169e0}: 'java.lang.Object java.lang.invoke.DirectMethodHandle$Holder.newInvokeSpecial(java.lang.Object, int, int, java.lang.Object, java.lang.Object, java.lang.Object, java.lang.Object, java.lang.Object)'> (0x00000000ab2169e0) 
thrown [s\open\src\hotspot\share\interpreter\linkResolver.cpp, line 759]
Event: 29.803 Thread 0x000002ead0a11fd0 Exception <a 'java/lang/NoSuchMethodError'{0x00000000ab21bb78}: 'java.lang.Object java.lang.invoke.DirectMethodHandle$Holder.invokeSpecial(java.lang.Object, java.lang.Object, int, int, java.lang.Object, java.lang.Object, java.lang.Object, java.lang.Object, java.lang.Object)'> (0x00000000ab21bb78) 
thrown [s\open\src\hotspot\share\interpreter\linkResolver.cpp, line 759]
Event: 31.135 Thread 0x000002ead0a11fd0 Exception <a 'java/lang/NoSuchMethodError'{0x00000000a9d39ef0}: 'java.lang.Object java.lang.invoke.DirectMethodHandle$Holder.invokeSpecial(java.lang.Object, java.lang.Object, int, java.lang.Object, int)'> (0x00000000a9d39ef0) 
thrown [s\open\src\hotspot\share\interpreter\linkResolver.cpp, line 759]
Event: 31.743 Thread 0x000002ead0a11fd0 Exception <a 'java/lang/NoSuchMethodError'{0x00000000ab43d318}: 'java.lang.Object java.lang.invoke.DirectMethodHandle$Holder.invokeStatic(java.lang.Object, java.lang.Object, int, java.lang.Object, java.lang.Object)'> (0x00000000ab43d318) 
thrown [s\open\src\hotspot\share\interpreter\linkResolver.cpp, line 759]
Event: 32.315 Thread 0x000002ead0a11fd0 Implicit null exception at 0x000002eae0526e52 to 0x000002eae0526efd
Event: 33.865 Thread 0x000002ead0a11fd0 Exception <a 'java/lang/NoSuchMethodError'{0x00000000aaa0a3d0}: 'java.lang.Object java.lang.invoke.DirectMethodHandle$Holder.invokeStatic(java.lang.Object, int, int)'> (0x00000000aaa0a3d0) 
thrown [s\open\src\hotspot\share\interpreter\linkResolver.cpp, line 759]
Event: 33.915 Thread 0x000002ead0a11fd0 Exception <a 'java/lang/NoSuchMethodError'{0x00000000aa817a30}: 'java.lang.Object java.lang.invoke.DirectMethodHandle$Holder.invokeStatic(java.lang.Object, java.lang.Object, int, int)'> (0x00000000aa817a30) 
thrown [s\open\src\hotspot\share\interpreter\linkResolver.cpp, line 759]
Event: 35.450 Thread 0x000002ead0a11fd0 Implicit null exception at 0x000002eae044fa7d to 0x000002eae04520bc
Event: 37.689 Thread 0x000002ead0a11fd0 Exception <a 'java/lang/NoSuchMethodError'{0x00000000ab32db90}: 'java.lang.Object java.lang.invoke.DirectMethodHandle$Holder.invokeStatic(java.lang.Object, java.lang.Object, java.lang.Object, java.lang.Object, java.lang.Object, int)'> (0x00000000ab32db90) 
thrown [s\open\src\hotspot\share\interpreter\linkResolver.cpp, line 759]
Event: 37.690 Thread 0x000002ead0a11fd0 Exception <a 'java/lang/NoSuchMethodError'{0x00000000ab336d68}: 'java.lang.Object java.lang.invoke.DirectMethodHandle$Holder.newInvokeSpecial(java.lang.Object, java.lang.Object, java.lang.Object, java.lang.Object, java.lang.Object, int)'> (0x00000000ab336d68) 
thrown [s\open\src\hotspot\share\interpreter\linkResolver.cpp, line 759]
Event: 37.691 Thread 0x000002ead0a11fd0 Exception <a 'java/lang/NoSuchMethodError'{0x00000000ab33ade0}: 'java.lang.Object java.lang.invoke.Invokers$Holder.linkToTargetMethod(java.lang.Object, java.lang.Object, java.lang.Object, java.lang.Object, int, java.lang.Object)'> (0x00000000ab33ade0) 
thrown [s\open\src\hotspot\share\interpreter\linkResolver.cpp, line 759]

VM Operations (20 events):
Event: 35.298 Executing VM operation: Cleanup done
Event: 35.395 Executing VM operation: HandshakeAllThreads
Event: 35.395 Executing VM operation: HandshakeAllThreads done
Event: 35.398 Executing VM operation: G1CollectForAllocation
Event: 35.406 Executing VM operation: G1CollectForAllocation done
Event: 35.450 Executing VM operation: HandshakeAllThreads
Event: 35.450 Executing VM operation: HandshakeAllThreads done
Event: 36.462 Executing VM operation: Cleanup
Event: 37.500 Executing VM operation: Cleanup done
Event: 37.677 Executing VM operation: ICBufferFull
Event: 37.678 Executing VM operation: ICBufferFull done
Event: 37.895 Executing VM operation: ICBufferFull
Event: 37.895 Executing VM operation: ICBufferFull done
Event: 37.941 Executing VM operation: HandshakeAllThreads
Event: 37.941 Executing VM operation: HandshakeAllThreads done
Event: 38.036 Executing VM operation: ICBufferFull
Event: 38.037 Executing VM operation: ICBufferFull done
Event: 38.097 Executing VM operation: HandshakeAllThreads
Event: 38.097 Executing VM operation: HandshakeAllThreads done
Event: 39.110 Executing VM operation: Cleanup

Events (20 events):
Event: 37.985 Thread 0x000002eaedca6a90 flushing nmethod 0x000002eada74bf10
Event: 37.985 Thread 0x000002eaedca6a90 flushing nmethod 0x000002eada74cb90
Event: 37.985 Thread 0x000002eaedca6a90 flushing nmethod 0x000002eada74dc90
Event: 37.985 Thread 0x000002eaedca6a90 flushing nmethod 0x000002eada74fa10
Event: 37.985 Thread 0x000002eaedca6a90 flushing nmethod 0x000002eada750b90
Event: 37.985 Thread 0x000002eaedca6a90 flushing nmethod 0x000002eada751f90
Event: 37.985 Thread 0x000002eaedca6a90 flushing nmethod 0x000002eada758690
Event: 37.985 Thread 0x000002eaedca6a90 flushing nmethod 0x000002eada766090
Event: 37.985 Thread 0x000002eaedca6a90 flushing nmethod 0x000002eada766490
Event: 37.985 Thread 0x000002eaedca6a90 flushing nmethod 0x000002eada767290
Event: 37.985 Thread 0x000002eaedca6a90 flushing nmethod 0x000002eada786290
Event: 37.986 Thread 0x000002eaedca6a90 flushing nmethod 0x000002eada7b7b90
Event: 37.986 Thread 0x000002eaedca6a90 flushing nmethod 0x000002eada7c2490
Event: 37.987 Thread 0x000002eaedca6a90 flushing nmethod 0x000002eada949090
Event: 37.987 Thread 0x000002eaedca6a90 flushing nmethod 0x000002eada94e010
Event: 37.987 Thread 0x000002eaedca6a90 flushing nmethod 0x000002eada94fa90
Event: 37.987 Thread 0x000002eaedca6a90 flushing nmethod 0x000002eada950790
Event: 37.987 Thread 0x000002eaedca6a90 flushing nmethod 0x000002eada951c10
Event: 37.988 Thread 0x000002eaedca6a90 flushing nmethod 0x000002eadaa55110
Event: 37.988 Thread 0x000002eaedca6a90 flushing nmethod 0x000002eadaa55e10


Dynamic libraries:
0x00007ff686260000 - 0x00007ff686270000 	C:\Program Files\Java\jdk-17\bin\java.exe
0x00007ffd81740000 - 0x00007ffd819a8000 	C:\WINDOWS\SYSTEM32\ntdll.dll
0x00007ffd7ff40000 - 0x00007ffd80009000 	C:\WINDOWS\System32\KERNEL32.DLL
0x00007ffd7e920000 - 0x00007ffd7ed11000 	C:\WINDOWS\System32\KERNELBASE.dll
0x00007ffd7f2e0000 - 0x00007ffd7f42b000 	C:\WINDOWS\System32\ucrtbase.dll
0x00007ffd4f0e0000 - 0x00007ffd4f0fb000 	C:\Program Files\Java\jdk-17\bin\VCRUNTIME140.dll
0x00007ffd55730000 - 0x00007ffd55749000 	C:\Program Files\Java\jdk-17\bin\jli.dll
0x00007ffd7f6a0000 - 0x00007ffd7f754000 	C:\WINDOWS\System32\ADVAPI32.dll
0x00007ffd802f0000 - 0x00007ffd80399000 	C:\WINDOWS\System32\msvcrt.dll
0x00007ffd803b0000 - 0x00007ffd80456000 	C:\WINDOWS\System32\sechost.dll
0x00007ffd7f560000 - 0x00007ffd7f678000 	C:\WINDOWS\System32\RPCRT4.dll
0x00007ffd80da0000 - 0x00007ffd80f66000 	C:\WINDOWS\System32\USER32.dll
0x00007ffd6ca10000 - 0x00007ffd6cca3000 	C:\WINDOWS\WinSxS\amd64_microsoft.windows.common-controls_6595b64144ccf1df_6.0.26100.7824_none_3e0870b2e3345462\COMCTL32.dll
0x00007ffd7ed20000 - 0x00007ffd7ed47000 	C:\WINDOWS\System32\win32u.dll
0x00007ffd7fd20000 - 0x00007ffd7fd4b000 	C:\WINDOWS\System32\GDI32.dll
0x00007ffd7ef80000 - 0x00007ffd7f0ab000 	C:\WINDOWS\System32\gdi32full.dll
0x00007ffd7ed50000 - 0x00007ffd7edf3000 	C:\WINDOWS\System32\msvcp_win.dll
0x00007ffd77970000 - 0x00007ffd7797b000 	C:\WINDOWS\SYSTEM32\VERSION.dll
0x00007ffd80140000 - 0x00007ffd80171000 	C:\WINDOWS\System32\IMM32.DLL
0x00007ffd66490000 - 0x00007ffd6649c000 	C:\Program Files\Java\jdk-17\bin\vcruntime140_1.dll
0x00007ffd2bba0000 - 0x00007ffd2bc2e000 	C:\Program Files\Java\jdk-17\bin\msvcp140.dll
0x00007ffcc3360000 - 0x00007ffcc3f40000 	C:\Program Files\Java\jdk-17\bin\server\jvm.dll
0x00007ffd803a0000 - 0x00007ffd803a8000 	C:\WINDOWS\System32\PSAPI.DLL
0x00007ffd65290000 - 0x00007ffd6529a000 	C:\WINDOWS\SYSTEM32\WSOCK32.dll
0x00007ffd7f7d0000 - 0x00007ffd7f844000 	C:\WINDOWS\System32\WS2_32.dll
0x00007ffd76570000 - 0x00007ffd765a5000 	C:\WINDOWS\SYSTEM32\WINMM.dll
0x00007ffd7cdc0000 - 0x00007ffd7cddb000 	C:\WINDOWS\SYSTEM32\kernel.appcore.dll
0x00007ffd5aa70000 - 0x00007ffd5aa7a000 	C:\Program Files\Java\jdk-17\bin\jimage.dll
0x00007ffd7c200000 - 0x00007ffd7c442000 	C:\WINDOWS\SYSTEM32\DBGHELP.DLL
0x00007ffd7f890000 - 0x00007ffd7fc16000 	C:\WINDOWS\System32\combase.dll
0x00007ffd7fd60000 - 0x00007ffd7fe37000 	C:\WINDOWS\System32\OLEAUT32.dll
0x00007ffd6b1d0000 - 0x00007ffd6b20b000 	C:\WINDOWS\SYSTEM32\dbgcore.DLL
0x00007ffd7f430000 - 0x00007ffd7f4d5000 	C:\WINDOWS\System32\bcryptPrimitives.dll
0x00007ffd4c430000 - 0x00007ffd4c455000 	C:\Program Files\Java\jdk-17\bin\java.dll
0x00007ffd15c60000 - 0x00007ffd15d37000 	C:\Program Files\Java\jdk-17\bin\jsvml.dll
0x00007ffd80460000 - 0x00007ffd80bb2000 	C:\WINDOWS\System32\SHELL32.dll
0x00007ffd7f0b0000 - 0x00007ffd7f21a000 	C:\WINDOWS\System32\wintypes.dll
0x00007ffd7e0b0000 - 0x00007ffd7e913000 	C:\WINDOWS\System32\windows.storage.dll
0x00007ffd7fc20000 - 0x00007ffd7fd16000 	C:\WINDOWS\System32\SHCORE.dll
0x00007ffd7f760000 - 0x00007ffd7f7c7000 	C:\WINDOWS\System32\shlwapi.dll
0x00007ffd7df40000 - 0x00007ffd7df69000 	C:\WINDOWS\SYSTEM32\profapi.dll
0x00007ffd4bd80000 - 0x00007ffd4bd99000 	C:\Program Files\Java\jdk-17\bin\net.dll
0x00007ffd772d0000 - 0x00007ffd773f7000 	C:\WINDOWS\SYSTEM32\WINHTTP.dll
0x00007ffd7d330000 - 0x00007ffd7d39b000 	C:\WINDOWS\system32\mswsock.dll
0x00007ffd4baa0000 - 0x00007ffd4bab6000 	C:\Program Files\Java\jdk-17\bin\nio.dll
0x00007ffd4ebf0000 - 0x00007ffd4ec08000 	C:\Program Files\Java\jdk-17\bin\zip.dll
0x00007ffd58970000 - 0x00007ffd58980000 	C:\Program Files\Java\jdk-17\bin\verify.dll

dbghelp: loaded successfully - version: 4.0.5 - missing functions: none
symbol engine: initialized successfully - sym options: 0x614 - pdb path: .;C:\Program Files\Java\jdk-17\bin;C:\WINDOWS\SYSTEM32;C:\WINDOWS\WinSxS\amd64_microsoft.windows.common-controls_6595b64144ccf1df_6.0.26100.7824_none_3e0870b2e3345462;C:\Program Files\Java\jdk-17\bin\server

VM Arguments:
java_command: org.jetbrains.kotlin.cli.jvm.K2JVMCompiler @C:\src\flutter\packages\flutter_tools\gradle\build\20260225_2777460351082694255.compiler.options
java_class_path (initial): C:\Users\aavi7\.gradle\caches\modules-2\files-2.1\org.jetbrains.kotlin\kotlin-compiler-embeddable\2.0.21\79346ed53db48b18312a472602eb5c057070c54d\kotlin-compiler-embeddable-2.0.21.jar;C:\Users\aavi7\.gradle\caches\modules-2\files-2.1\org.jetbrains.kotlin\kotlin-stdlib\2.0.21\618b539767b4899b4660a83006e052b63f1db551\kotlin-stdlib-2.0.21.jar;C:\Users\aavi7\.gradle\caches\modules-2\files-2.1\org.jetbrains.kotlin\kotlin-script-runtime\2.0.21\c9b044380ad41f89aa89aa896c2d32a8c0b2129d\kotlin-script-runtime-2.0.21.jar;C:\Users\aavi7\.gradle\caches\modules-2\files-2.1\org.jetbrains.kotlin\kotlin-reflect\1.6.10\1cbe9c92c12a94eea200d23c2bbaedaf3daf5132\kotlin-reflect-1.6.10.jar;C:\Users\aavi7\.gradle\caches\modules-2\files-2.1\org.jetbrains.kotlin\kotlin-daemon-embeddable\2.0.21\c9e933b23287de9b5a17e2116b4657bb91aea72c\kotlin-daemon-embeddable-2.0.21.jar;C:\Users\aavi7\.gradle\caches\modules-2\files-2.1\org.jetbrains.intellij.deps\trove4j\1.0.20200330\3afb14d5f9ceb459d724e907a21145e8ff394f02\trove4j-1.0.20200330.jar;C:\Users\aavi7\.gradle\caches\modules-2\files-2.1\org.jetbrains.kotlinx\kotlinx-coroutines-core-jvm\1.6.4\2c997cd1c0ef33f3e751d3831929aeff1390cb30\kotlinx-coroutines-core-jvm-1.6.4.jar;C:\Users\aavi7\.gradle\caches\modules-2\files-2.1\org.jetbrains\annotations\13.0\919f0dfe192fb4e063e7dacadee7f8bb9a2672a9\annotations-13.0.jar
Launcher Type: SUN_STANDARD

[Global flags]
     intx CICompilerCount                          = 4                                         {product} {ergonomic}
     uint ConcGCThreads                            = 3                                         {product} {ergonomic}
     uint G1ConcRefinementThreads                  = 10                                        {product} {ergonomic}
   size_t G1HeapRegionSize                         = 1048576                                   {product} {ergonomic}
    uintx GCDrainStackTargetSize                   = 64                                        {product} {ergonomic}
   size_t InitialHeapSize                          = 98566144                                  {product} {ergonomic}
   size_t MarkStackSize                            = 4194304                                   {product} {ergonomic}
   size_t MaxHeapSize                              = 1570766848                                {product} {ergonomic}
   size_t MaxNewSize                               = 941621248                                 {product} {ergonomic}
   size_t MinHeapDeltaBytes                        = 1048576                                   {product} {ergonomic}
   size_t MinHeapSize                              = 8388608                                   {product} {ergonomic}
    uintx NonNMethodCodeHeapSize                   = 5839372                                {pd product} {ergonomic}
    uintx NonProfiledCodeHeapSize                  = 122909434                              {pd product} {ergonomic}
    uintx ProfiledCodeHeapSize                     = 122909434                              {pd product} {ergonomic}
    uintx ReservedCodeCacheSize                    = 251658240                              {pd product} {ergonomic}
     bool SegmentedCodeCache                       = true                                      {product} {ergonomic}
   size_t SoftMaxHeapSize                          = 1570766848                             {manageable} {ergonomic}
     bool UseCompressedClassPointers               = true                           {product lp64_product} {ergonomic}
     bool UseCompressedOops                        = true                           {product lp64_product} {ergonomic}
     bool UseG1GC                                  = true                                      {product} {ergonomic}
     bool UseLargePagesIndividualAllocation        = false                                  {pd product} {ergonomic}

Logging:
Log output configuration:
 #0: stdout all=warning uptime,level,tags
 #1: stderr all=off uptime,level,tags

Environment Variables:
JAVA_HOME=C:\Program Files\Java\jdk-17.0.17
PATH=C:\Program Files\Java\jdk-17\bin;C:\oraclexe\app\oracle\product\10.2.0\server\bin;C:\WINDOWS\system32;C:\WINDOWS;C:\WINDOWS\System32\Wbem;C:\WINDOWS\System32\WindowsPowerShell\v1.0\;C:\WINDOWS\System32\OpenSSH\;C:\Program Files (x86)\Microsoft SQL Server\160\Tools\Binn\;C:\Program Files\Microsoft SQL Server\160\Tools\Binn\;C:\Program Files\Microsoft SQL Server\Client SDK\ODBC\170\Tools\Binn\;C:\Program Files\Microsoft SQL Server\160\DTS\Binn\;C:\Program Files\MongoDB\mongosh-2.2.6-win32-x64\bin;C:\Program Files\MongoDB\Server\7.0\bin\mongod.cfg;C:\Program Files\nodejs\;C:\Program Files\Git\cmd;C:\Program Files\MongoDB\Server\8.0\bin;C:\src\flutter\bin;C:\Program Files\Java\jdk-17.0.17\bin;C:\Program Files\MySQL\MySQL Shell 8.0\bin\;C:\Ruby33-x64\bin;C:\Users\aavi7\AppData\Local\Microsoft\WindowsApps;C:\Users\aavi7\AppData\Local\Programs\Microsoft VS Code\bin;C:\Program Files\Azure Data Studio\bin;C:\Program Files\JetBrains\PyCharm Community Edition 2024.1.1\bin;C:\Users\aavi7\AppData\Roaming\npm;C:\Users\aavi7\AppData\Local\Programs\mongosh\;C:\Users\aavi7\AppData\Local\Programs\Antigravity\bin;C:\Users\aavi7\Downloads;C:\flutter_windows_3.41.0-stable\flutter\bin
USERNAME=aavi7
OS=Windows_NT
PROCESSOR_IDENTIFIER=AMD64 Family 23 Model 104 Stepping 1, AuthenticAMD



---------------  S Y S T E M  ---------------

OS:
 Windows 11 , 64 bit Build 26100 (10.0.26100.7705)
OS uptime: 3 days 7:42 hours
Hyper-V role detected

CPU: total 12 (initial active 12) (12 cores per cpu, 2 threads per core) family 23 model 104 stepping 1 microcode 0x8608109, cx8, cmov, fxsr, ht, mmx, 3dnowpref, sse, sse2, sse3, ssse3, sse4a, sse4.1, sse4.2, popcnt, lzcnt, tsc, tscinvbit, avx, avx2, aes, clmul, bmi1, bmi2, adx, sha, fma, vzeroupper, clflush, clflushopt, hv

Memory: 4k page, system-wide physical 5989M (434M free)
TotalPageFile size 24421M (AvailPageFile size 0M)
current process WorkingSet (physical memory assigned to process): 351M, peak: 365M
current process commit charge ("private bytes"): 444M, peak: 450M

vm_info: Java HotSpot(TM) 64-Bit Server VM (17.0.17+8-LTS-360) for windows-amd64 JRE (17.0.17+8-LTS-360), built on Sep 27 2025 05:17:01 by "mach5run" with MS VC++ 17.6 (VS2022)

END.
